<?xml version="1.0" encoding="UTF-8"?>
<testsuite name="com.testvagrant.sample.MobileTest" tests="4" skipped="0" failures="4" errors="0" timestamp="2020-01-20T08:58:38" hostname="Krishananands-MacBook-Pro.local" time="141.732">
  <properties/>
  <testcase name="setupDriver" classname="com.testvagrant.sample.MobileTest" time="140.613">
    <failure message="java.net.ConnectException: Connection refused (Connection refused)" type="java.net.ConnectException">java.net.ConnectException: Connection refused (Connection refused)
	at java.net.PlainSocketImpl.socketConnect(Native Method)
	at java.net.AbstractPlainSocketImpl.doConnect(AbstractPlainSocketImpl.java:350)
	at java.net.AbstractPlainSocketImpl.connectToAddress(AbstractPlainSocketImpl.java:206)
	at java.net.AbstractPlainSocketImpl.connect(AbstractPlainSocketImpl.java:188)
	at java.net.SocksSocketImpl.connect(SocksSocketImpl.java:392)
	at java.net.Socket.connect(Socket.java:589)
	at org.apache.http.conn.scheme.PlainSocketFactory.connectSocket(PlainSocketFactory.java:121)
	at org.apache.http.impl.conn.DefaultClientConnectionOperator.openConnection(DefaultClientConnectionOperator.java:180)
	at org.apache.http.impl.conn.ManagedClientConnectionImpl.open(ManagedClientConnectionImpl.java:326)
	at org.apache.http.impl.client.DefaultRequestDirector.tryConnect(DefaultRequestDirector.java:610)
	at org.apache.http.impl.client.DefaultRequestDirector.execute(DefaultRequestDirector.java:445)
	at org.apache.http.impl.client.AbstractHttpClient.doExecute(AbstractHttpClient.java:835)
	at org.apache.http.impl.client.CloseableHttpClient.execute(CloseableHttpClient.java:83)
	at org.apache.http.impl.client.CloseableHttpClient.execute(CloseableHttpClient.java:56)
	at org.apache.http.client.HttpClient$execute$0.call(Unknown Source)
	at io.restassured.internal.RequestSpecificationImpl$RestAssuredHttpBuilder.doRequest(RequestSpecificationImpl.groovy:2128)
	at io.restassured.internal.http.HTTPBuilder.doRequest(HTTPBuilder.java:494)
	at io.restassured.internal.http.HTTPBuilder.request(HTTPBuilder.java:451)
	at io.restassured.internal.http.HTTPBuilder$request$2.call(Unknown Source)
	at io.restassured.internal.RequestSpecificationImpl.sendHttpRequest(RequestSpecificationImpl.groovy:1531)
	at sun.reflect.GeneratedMethodAccessor136.invoke(Unknown Source)
	at sun.reflect.DelegatingMethodAccessorImpl.invoke(DelegatingMethodAccessorImpl.java:43)
	at java.lang.reflect.Method.invoke(Method.java:498)
	at org.codehaus.groovy.reflection.CachedMethod.invoke(CachedMethod.java:93)
	at groovy.lang.MetaMethod.doMethodInvoke(MetaMethod.java:325)
	at groovy.lang.MetaClassImpl.invokeMethod(MetaClassImpl.java:1213)
	at groovy.lang.MetaClassImpl.invokeMethod(MetaClassImpl.java:1022)
	at groovy.lang.MetaClassImpl.invokeMethod(MetaClassImpl.java:810)
	at io.restassured.internal.RequestSpecificationImpl.invokeMethod(RequestSpecificationImpl.groovy)
	at org.codehaus.groovy.runtime.callsite.PogoInterceptableSite.call(PogoInterceptableSite.java:48)
	at org.codehaus.groovy.runtime.callsite.PogoInterceptableSite.callCurrent(PogoInterceptableSite.java:58)
	at io.restassured.internal.RequestSpecificationImpl.sendRequest(RequestSpecificationImpl.groovy:1290)
	at sun.reflect.GeneratedMethodAccessor98.invoke(Unknown Source)
	at sun.reflect.DelegatingMethodAccessorImpl.invoke(DelegatingMethodAccessorImpl.java:43)
	at java.lang.reflect.Method.invoke(Method.java:498)
	at org.codehaus.groovy.reflection.CachedMethod.invoke(CachedMethod.java:93)
	at groovy.lang.MetaMethod.doMethodInvoke(MetaMethod.java:325)
	at groovy.lang.MetaClassImpl.invokeMethod(MetaClassImpl.java:1213)
	at groovy.lang.MetaClassImpl.invokeMethod(MetaClassImpl.java:1022)
	at groovy.lang.MetaClassImpl.invokeMethod(MetaClassImpl.java:810)
	at io.restassured.internal.RequestSpecificationImpl.invokeMethod(RequestSpecificationImpl.groovy)
	at org.codehaus.groovy.runtime.callsite.PogoInterceptableSite.call(PogoInterceptableSite.java:48)
	at org.codehaus.groovy.runtime.callsite.AbstractCallSite.call(AbstractCallSite.java:149)
	at io.restassured.internal.filter.SendRequestFilter.filter(SendRequestFilter.groovy:30)
	at io.restassured.filter.Filter$filter$0.call(Unknown Source)
	at org.codehaus.groovy.runtime.callsite.CallSiteArray.defaultCall(CallSiteArray.java:48)
	at io.restassured.filter.Filter$filter.call(Unknown Source)
	at io.restassured.internal.filter.FilterContextImpl.next(FilterContextImpl.groovy:72)
	at io.restassured.filter.time.TimingFilter.filter(TimingFilter.java:56)
	at io.restassured.filter.Filter$filter.call(Unknown Source)
	at org.codehaus.groovy.runtime.callsite.CallSiteArray.defaultCall(CallSiteArray.java:48)
	at io.restassured.filter.Filter$filter$0.call(Unknown Source)
	at io.restassured.internal.filter.FilterContextImpl.next(FilterContextImpl.groovy:72)
	at io.restassured.filter.FilterContext$next.call(Unknown Source)
	at io.restassured.internal.RequestSpecificationImpl.applyPathParamsAndSendRequest(RequestSpecificationImpl.groovy:1731)
	at sun.reflect.GeneratedMethodAccessor96.invoke(Unknown Source)
	at sun.reflect.DelegatingMethodAccessorImpl.invoke(DelegatingMethodAccessorImpl.java:43)
	at java.lang.reflect.Method.invoke(Method.java:498)
	at org.codehaus.groovy.reflection.CachedMethod.invoke(CachedMethod.java:93)
	at groovy.lang.MetaMethod.doMethodInvoke(MetaMethod.java:325)
	at groovy.lang.MetaClassImpl.invokeMethod(MetaClassImpl.java:1213)
	at groovy.lang.MetaClassImpl.invokeMethod(MetaClassImpl.java:1022)
	at groovy.lang.MetaClassImpl.invokeMethod(MetaClassImpl.java:810)
	at io.restassured.internal.RequestSpecificationImpl.invokeMethod(RequestSpecificationImpl.groovy)
	at org.codehaus.groovy.runtime.callsite.PogoInterceptableSite.call(PogoInterceptableSite.java:48)
	at org.codehaus.groovy.runtime.callsite.PogoInterceptableSite.callCurrent(PogoInterceptableSite.java:58)
	at org.codehaus.groovy.runtime.callsite.AbstractCallSite.callCurrent(AbstractCallSite.java:182)
	at io.restassured.internal.RequestSpecificationImpl.applyPathParamsAndSendRequest(RequestSpecificationImpl.groovy:1737)
	at sun.reflect.GeneratedMethodAccessor95.invoke(Unknown Source)
	at sun.reflect.DelegatingMethodAccessorImpl.invoke(DelegatingMethodAccessorImpl.java:43)
	at java.lang.reflect.Method.invoke(Method.java:498)
	at org.codehaus.groovy.reflection.CachedMethod.invoke(CachedMethod.java:93)
	at groovy.lang.MetaMethod.doMethodInvoke(MetaMethod.java:325)
	at groovy.lang.MetaClassImpl.invokeMethod(MetaClassImpl.java:1213)
	at groovy.lang.MetaClassImpl.invokeMethod(MetaClassImpl.java:1022)
	at groovy.lang.MetaClassImpl.invokeMethod(MetaClassImpl.java:810)
	at io.restassured.internal.RequestSpecificationImpl.invokeMethod(RequestSpecificationImpl.groovy)
	at org.codehaus.groovy.runtime.callsite.PogoInterceptableSite.call(PogoInterceptableSite.java:48)
	at org.codehaus.groovy.runtime.callsite.PogoInterceptableSite.callCurrent(PogoInterceptableSite.java:58)
	at org.codehaus.groovy.runtime.callsite.AbstractCallSite.callCurrent(AbstractCallSite.java:182)
	at io.restassured.internal.RequestSpecificationImpl.get(RequestSpecificationImpl.groovy:170)
	at io.restassured.internal.RequestSpecificationImpl.get(RequestSpecificationImpl.groovy)
	at com.testvagrant.optimuscloud.clients.AkiraClient.getSessionDetails(AkiraClient.java:59)
	at com.testvagrant.optimuscloud.remote.OptimusCloudDriver.lambda$getSessionDetailsFromCloud$0(OptimusCloudDriver.java:66)
	at org.springframework.retry.support.RetryTemplate.doExecute(RetryTemplate.java:287)
	at org.springframework.retry.support.RetryTemplate.execute(RetryTemplate.java:164)
	at com.testvagrant.optimuscloud.utils.RetryEngine.execute(RetryEngine.java:51)
	at com.testvagrant.optimuscloud.remote.OptimusCloudDriver.getSessionDetailsFromCloud(OptimusCloudDriver.java:85)
	at com.testvagrant.optimuscloud.remote.OptimusCloudDriver.createDriver(OptimusCloudDriver.java:57)
	at com.testvagrant.sample.MobileTest.setupDriver(MobileTest.java:34)
	at sun.reflect.NativeMethodAccessorImpl.invoke0(Native Method)
	at sun.reflect.NativeMethodAccessorImpl.invoke(NativeMethodAccessorImpl.java:62)
	at sun.reflect.DelegatingMethodAccessorImpl.invoke(DelegatingMethodAccessorImpl.java:43)
	at java.lang.reflect.Method.invoke(Method.java:498)
	at org.testng.internal.MethodInvocationHelper.invokeMethod(MethodInvocationHelper.java:133)
	at org.testng.internal.MethodInvocationHelper.invokeMethodConsideringTimeout(MethodInvocationHelper.java:62)
	at org.testng.internal.ConfigInvoker.invokeConfigurationMethod(ConfigInvoker.java:340)
	at org.testng.internal.ConfigInvoker.invokeConfigurations(ConfigInvoker.java:294)
	at org.testng.internal.TestInvoker.runConfigMethods(TestInvoker.java:683)
	at org.testng.internal.TestInvoker.invokeMethod(TestInvoker.java:510)
	at org.testng.internal.TestInvoker.invokeTestMethod(TestInvoker.java:172)
	at org.testng.internal.MethodRunner.runInSequence(MethodRunner.java:46)
	at org.testng.internal.TestInvoker$MethodInvocationAgent.invoke(TestInvoker.java:804)
	at org.testng.internal.TestInvoker.invokeTestMethods(TestInvoker.java:145)
	at org.testng.internal.TestMethodWorker.invokeTestMethods(TestMethodWorker.java:146)
	at org.testng.internal.TestMethodWorker.run(TestMethodWorker.java:128)
	at java.util.concurrent.ThreadPoolExecutor.runWorker(ThreadPoolExecutor.java:1149)
	at java.util.concurrent.ThreadPoolExecutor$Worker.run(ThreadPoolExecutor.java:624)
	at java.lang.Thread.run(Thread.java:748)
</failure>
  </testcase>
  <testcase name="setupDriver" classname="com.testvagrant.sample.MobileTest" time="140.696">
    <failure message="java.net.ConnectException: Connection refused (Connection refused)" type="java.net.ConnectException">java.net.ConnectException: Connection refused (Connection refused)
	at java.net.PlainSocketImpl.socketConnect(Native Method)
	at java.net.AbstractPlainSocketImpl.doConnect(AbstractPlainSocketImpl.java:350)
	at java.net.AbstractPlainSocketImpl.connectToAddress(AbstractPlainSocketImpl.java:206)
	at java.net.AbstractPlainSocketImpl.connect(AbstractPlainSocketImpl.java:188)
	at java.net.SocksSocketImpl.connect(SocksSocketImpl.java:392)
	at java.net.Socket.connect(Socket.java:589)
	at org.apache.http.conn.scheme.PlainSocketFactory.connectSocket(PlainSocketFactory.java:121)
	at org.apache.http.impl.conn.DefaultClientConnectionOperator.openConnection(DefaultClientConnectionOperator.java:180)
	at org.apache.http.impl.conn.ManagedClientConnectionImpl.open(ManagedClientConnectionImpl.java:326)
	at org.apache.http.impl.client.DefaultRequestDirector.tryConnect(DefaultRequestDirector.java:610)
	at org.apache.http.impl.client.DefaultRequestDirector.execute(DefaultRequestDirector.java:445)
	at org.apache.http.impl.client.AbstractHttpClient.doExecute(AbstractHttpClient.java:835)
	at org.apache.http.impl.client.CloseableHttpClient.execute(CloseableHttpClient.java:83)
	at org.apache.http.impl.client.CloseableHttpClient.execute(CloseableHttpClient.java:56)
	at org.apache.http.client.HttpClient$execute$0.call(Unknown Source)
	at io.restassured.internal.RequestSpecificationImpl$RestAssuredHttpBuilder.doRequest(RequestSpecificationImpl.groovy:2128)
	at io.restassured.internal.http.HTTPBuilder.doRequest(HTTPBuilder.java:494)
	at io.restassured.internal.http.HTTPBuilder.request(HTTPBuilder.java:451)
	at io.restassured.internal.http.HTTPBuilder$request$2.call(Unknown Source)
	at io.restassured.internal.RequestSpecificationImpl.sendHttpRequest(RequestSpecificationImpl.groovy:1531)
	at sun.reflect.GeneratedMethodAccessor136.invoke(Unknown Source)
	at sun.reflect.DelegatingMethodAccessorImpl.invoke(DelegatingMethodAccessorImpl.java:43)
	at java.lang.reflect.Method.invoke(Method.java:498)
	at org.codehaus.groovy.reflection.CachedMethod.invoke(CachedMethod.java:93)
	at groovy.lang.MetaMethod.doMethodInvoke(MetaMethod.java:325)
	at groovy.lang.MetaClassImpl.invokeMethod(MetaClassImpl.java:1213)
	at groovy.lang.MetaClassImpl.invokeMethod(MetaClassImpl.java:1022)
	at groovy.lang.MetaClassImpl.invokeMethod(MetaClassImpl.java:810)
	at io.restassured.internal.RequestSpecificationImpl.invokeMethod(RequestSpecificationImpl.groovy)
	at org.codehaus.groovy.runtime.callsite.PogoInterceptableSite.call(PogoInterceptableSite.java:48)
	at org.codehaus.groovy.runtime.callsite.PogoInterceptableSite.callCurrent(PogoInterceptableSite.java:58)
	at io.restassured.internal.RequestSpecificationImpl.sendRequest(RequestSpecificationImpl.groovy:1290)
	at sun.reflect.GeneratedMethodAccessor98.invoke(Unknown Source)
	at sun.reflect.DelegatingMethodAccessorImpl.invoke(DelegatingMethodAccessorImpl.java:43)
	at java.lang.reflect.Method.invoke(Method.java:498)
	at org.codehaus.groovy.reflection.CachedMethod.invoke(CachedMethod.java:93)
	at groovy.lang.MetaMethod.doMethodInvoke(MetaMethod.java:325)
	at groovy.lang.MetaClassImpl.invokeMethod(MetaClassImpl.java:1213)
	at groovy.lang.MetaClassImpl.invokeMethod(MetaClassImpl.java:1022)
	at groovy.lang.MetaClassImpl.invokeMethod(MetaClassImpl.java:810)
	at io.restassured.internal.RequestSpecificationImpl.invokeMethod(RequestSpecificationImpl.groovy)
	at org.codehaus.groovy.runtime.callsite.PogoInterceptableSite.call(PogoInterceptableSite.java:48)
	at org.codehaus.groovy.runtime.callsite.AbstractCallSite.call(AbstractCallSite.java:149)
	at io.restassured.internal.filter.SendRequestFilter.filter(SendRequestFilter.groovy:30)
	at io.restassured.filter.Filter$filter$0.call(Unknown Source)
	at org.codehaus.groovy.runtime.callsite.CallSiteArray.defaultCall(CallSiteArray.java:48)
	at io.restassured.filter.Filter$filter.call(Unknown Source)
	at io.restassured.internal.filter.FilterContextImpl.next(FilterContextImpl.groovy:72)
	at io.restassured.filter.time.TimingFilter.filter(TimingFilter.java:56)
	at io.restassured.filter.Filter$filter.call(Unknown Source)
	at org.codehaus.groovy.runtime.callsite.CallSiteArray.defaultCall(CallSiteArray.java:48)
	at io.restassured.filter.Filter$filter$0.call(Unknown Source)
	at io.restassured.internal.filter.FilterContextImpl.next(FilterContextImpl.groovy:72)
	at io.restassured.filter.FilterContext$next.call(Unknown Source)
	at io.restassured.internal.RequestSpecificationImpl.applyPathParamsAndSendRequest(RequestSpecificationImpl.groovy:1731)
	at sun.reflect.GeneratedMethodAccessor96.invoke(Unknown Source)
	at sun.reflect.DelegatingMethodAccessorImpl.invoke(DelegatingMethodAccessorImpl.java:43)
	at java.lang.reflect.Method.invoke(Method.java:498)
	at org.codehaus.groovy.reflection.CachedMethod.invoke(CachedMethod.java:93)
	at groovy.lang.MetaMethod.doMethodInvoke(MetaMethod.java:325)
	at groovy.lang.MetaClassImpl.invokeMethod(MetaClassImpl.java:1213)
	at groovy.lang.MetaClassImpl.invokeMethod(MetaClassImpl.java:1022)
	at groovy.lang.MetaClassImpl.invokeMethod(MetaClassImpl.java:810)
	at io.restassured.internal.RequestSpecificationImpl.invokeMethod(RequestSpecificationImpl.groovy)
	at org.codehaus.groovy.runtime.callsite.PogoInterceptableSite.call(PogoInterceptableSite.java:48)
	at org.codehaus.groovy.runtime.callsite.PogoInterceptableSite.callCurrent(PogoInterceptableSite.java:58)
	at org.codehaus.groovy.runtime.callsite.AbstractCallSite.callCurrent(AbstractCallSite.java:182)
	at io.restassured.internal.RequestSpecificationImpl.applyPathParamsAndSendRequest(RequestSpecificationImpl.groovy:1737)
	at sun.reflect.GeneratedMethodAccessor95.invoke(Unknown Source)
	at sun.reflect.DelegatingMethodAccessorImpl.invoke(DelegatingMethodAccessorImpl.java:43)
	at java.lang.reflect.Method.invoke(Method.java:498)
	at org.codehaus.groovy.reflection.CachedMethod.invoke(CachedMethod.java:93)
	at groovy.lang.MetaMethod.doMethodInvoke(MetaMethod.java:325)
	at groovy.lang.MetaClassImpl.invokeMethod(MetaClassImpl.java:1213)
	at groovy.lang.MetaClassImpl.invokeMethod(MetaClassImpl.java:1022)
	at groovy.lang.MetaClassImpl.invokeMethod(MetaClassImpl.java:810)
	at io.restassured.internal.RequestSpecificationImpl.invokeMethod(RequestSpecificationImpl.groovy)
	at org.codehaus.groovy.runtime.callsite.PogoInterceptableSite.call(PogoInterceptableSite.java:48)
	at org.codehaus.groovy.runtime.callsite.PogoInterceptableSite.callCurrent(PogoInterceptableSite.java:58)
	at org.codehaus.groovy.runtime.callsite.AbstractCallSite.callCurrent(AbstractCallSite.java:182)
	at io.restassured.internal.RequestSpecificationImpl.get(RequestSpecificationImpl.groovy:170)
	at io.restassured.internal.RequestSpecificationImpl.get(RequestSpecificationImpl.groovy)
	at com.testvagrant.optimuscloud.clients.AkiraClient.getSessionDetails(AkiraClient.java:59)
	at com.testvagrant.optimuscloud.remote.OptimusCloudDriver.lambda$getSessionDetailsFromCloud$0(OptimusCloudDriver.java:66)
	at org.springframework.retry.support.RetryTemplate.doExecute(RetryTemplate.java:287)
	at org.springframework.retry.support.RetryTemplate.execute(RetryTemplate.java:164)
	at com.testvagrant.optimuscloud.utils.RetryEngine.execute(RetryEngine.java:51)
	at com.testvagrant.optimuscloud.remote.OptimusCloudDriver.getSessionDetailsFromCloud(OptimusCloudDriver.java:85)
	at com.testvagrant.optimuscloud.remote.OptimusCloudDriver.createDriver(OptimusCloudDriver.java:57)
	at com.testvagrant.sample.MobileTest.setupDriver(MobileTest.java:34)
	at sun.reflect.NativeMethodAccessorImpl.invoke0(Native Method)
	at sun.reflect.NativeMethodAccessorImpl.invoke(NativeMethodAccessorImpl.java:62)
	at sun.reflect.DelegatingMethodAccessorImpl.invoke(DelegatingMethodAccessorImpl.java:43)
	at java.lang.reflect.Method.invoke(Method.java:498)
	at org.testng.internal.MethodInvocationHelper.invokeMethod(MethodInvocationHelper.java:133)
	at org.testng.internal.MethodInvocationHelper.invokeMethodConsideringTimeout(MethodInvocationHelper.java:62)
	at org.testng.internal.ConfigInvoker.invokeConfigurationMethod(ConfigInvoker.java:340)
	at org.testng.internal.ConfigInvoker.invokeConfigurations(ConfigInvoker.java:294)
	at org.testng.internal.TestInvoker.runConfigMethods(TestInvoker.java:683)
	at org.testng.internal.TestInvoker.invokeMethod(TestInvoker.java:510)
	at org.testng.internal.TestInvoker.invokeTestMethod(TestInvoker.java:172)
	at org.testng.internal.MethodRunner.runInSequence(MethodRunner.java:46)
	at org.testng.internal.TestInvoker$MethodInvocationAgent.invoke(TestInvoker.java:804)
	at org.testng.internal.TestInvoker.invokeTestMethods(TestInvoker.java:145)
	at org.testng.internal.TestMethodWorker.invokeTestMethods(TestMethodWorker.java:146)
	at org.testng.internal.TestMethodWorker.run(TestMethodWorker.java:128)
	at java.util.concurrent.ThreadPoolExecutor.runWorker(ThreadPoolExecutor.java:1149)
	at java.util.concurrent.ThreadPoolExecutor$Worker.run(ThreadPoolExecutor.java:624)
	at java.lang.Thread.run(Thread.java:748)
</failure>
  </testcase>
  <testcase name="setupDriver" classname="com.testvagrant.sample.MobileTest" time="140.735">
    <failure message="java.net.ConnectException: Connection refused (Connection refused)" type="java.net.ConnectException">java.net.ConnectException: Connection refused (Connection refused)
	at java.net.PlainSocketImpl.socketConnect(Native Method)
	at java.net.AbstractPlainSocketImpl.doConnect(AbstractPlainSocketImpl.java:350)
	at java.net.AbstractPlainSocketImpl.connectToAddress(AbstractPlainSocketImpl.java:206)
	at java.net.AbstractPlainSocketImpl.connect(AbstractPlainSocketImpl.java:188)
	at java.net.SocksSocketImpl.connect(SocksSocketImpl.java:392)
	at java.net.Socket.connect(Socket.java:589)
	at org.apache.http.conn.scheme.PlainSocketFactory.connectSocket(PlainSocketFactory.java:121)
	at org.apache.http.impl.conn.DefaultClientConnectionOperator.openConnection(DefaultClientConnectionOperator.java:180)
	at org.apache.http.impl.conn.ManagedClientConnectionImpl.open(ManagedClientConnectionImpl.java:326)
	at org.apache.http.impl.client.DefaultRequestDirector.tryConnect(DefaultRequestDirector.java:610)
	at org.apache.http.impl.client.DefaultRequestDirector.execute(DefaultRequestDirector.java:445)
	at org.apache.http.impl.client.AbstractHttpClient.doExecute(AbstractHttpClient.java:835)
	at org.apache.http.impl.client.CloseableHttpClient.execute(CloseableHttpClient.java:83)
	at org.apache.http.impl.client.CloseableHttpClient.execute(CloseableHttpClient.java:56)
	at org.apache.http.client.HttpClient$execute$0.call(Unknown Source)
	at org.codehaus.groovy.runtime.callsite.CallSiteArray.defaultCall(CallSiteArray.java:48)
	at org.apache.http.client.HttpClient$execute$0.call(Unknown Source)
	at io.restassured.internal.RequestSpecificationImpl$RestAssuredHttpBuilder.doRequest(RequestSpecificationImpl.groovy:2128)
	at io.restassured.internal.http.HTTPBuilder.doRequest(HTTPBuilder.java:494)
	at io.restassured.internal.http.HTTPBuilder.request(HTTPBuilder.java:451)
	at io.restassured.internal.http.HTTPBuilder$request$2.call(Unknown Source)
	at io.restassured.internal.RequestSpecificationImpl.sendHttpRequest(RequestSpecificationImpl.groovy:1531)
	at sun.reflect.GeneratedMethodAccessor136.invoke(Unknown Source)
	at sun.reflect.DelegatingMethodAccessorImpl.invoke(DelegatingMethodAccessorImpl.java:43)
	at java.lang.reflect.Method.invoke(Method.java:498)
	at org.codehaus.groovy.reflection.CachedMethod.invoke(CachedMethod.java:93)
	at groovy.lang.MetaMethod.doMethodInvoke(MetaMethod.java:325)
	at groovy.lang.MetaClassImpl.invokeMethod(MetaClassImpl.java:1213)
	at groovy.lang.MetaClassImpl.invokeMethod(MetaClassImpl.java:1022)
	at groovy.lang.MetaClassImpl.invokeMethod(MetaClassImpl.java:810)
	at io.restassured.internal.RequestSpecificationImpl.invokeMethod(RequestSpecificationImpl.groovy)
	at org.codehaus.groovy.runtime.callsite.PogoInterceptableSite.call(PogoInterceptableSite.java:48)
	at org.codehaus.groovy.runtime.callsite.PogoInterceptableSite.callCurrent(PogoInterceptableSite.java:58)
	at io.restassured.internal.RequestSpecificationImpl.sendRequest(RequestSpecificationImpl.groovy:1290)
	at sun.reflect.GeneratedMethodAccessor98.invoke(Unknown Source)
	at sun.reflect.DelegatingMethodAccessorImpl.invoke(DelegatingMethodAccessorImpl.java:43)
	at java.lang.reflect.Method.invoke(Method.java:498)
	at org.codehaus.groovy.reflection.CachedMethod.invoke(CachedMethod.java:93)
	at groovy.lang.MetaMethod.doMethodInvoke(MetaMethod.java:325)
	at groovy.lang.MetaClassImpl.invokeMethod(MetaClassImpl.java:1213)
	at groovy.lang.MetaClassImpl.invokeMethod(MetaClassImpl.java:1022)
	at groovy.lang.MetaClassImpl.invokeMethod(MetaClassImpl.java:810)
	at io.restassured.internal.RequestSpecificationImpl.invokeMethod(RequestSpecificationImpl.groovy)
	at org.codehaus.groovy.runtime.callsite.PogoInterceptableSite.call(PogoInterceptableSite.java:48)
	at org.codehaus.groovy.runtime.callsite.AbstractCallSite.call(AbstractCallSite.java:149)
	at io.restassured.internal.filter.SendRequestFilter.filter(SendRequestFilter.groovy:30)
	at io.restassured.filter.Filter$filter$0.call(Unknown Source)
	at org.codehaus.groovy.runtime.callsite.CallSiteArray.defaultCall(CallSiteArray.java:48)
	at io.restassured.filter.Filter$filter.call(Unknown Source)
	at io.restassured.internal.filter.FilterContextImpl.next(FilterContextImpl.groovy:72)
	at io.restassured.filter.time.TimingFilter.filter(TimingFilter.java:56)
	at io.restassured.filter.Filter$filter.call(Unknown Source)
	at org.codehaus.groovy.runtime.callsite.CallSiteArray.defaultCall(CallSiteArray.java:48)
	at io.restassured.filter.Filter$filter$0.call(Unknown Source)
	at io.restassured.internal.filter.FilterContextImpl.next(FilterContextImpl.groovy:72)
	at io.restassured.filter.FilterContext$next.call(Unknown Source)
	at io.restassured.internal.RequestSpecificationImpl.applyPathParamsAndSendRequest(RequestSpecificationImpl.groovy:1731)
	at sun.reflect.GeneratedMethodAccessor96.invoke(Unknown Source)
	at sun.reflect.DelegatingMethodAccessorImpl.invoke(DelegatingMethodAccessorImpl.java:43)
	at java.lang.reflect.Method.invoke(Method.java:498)
	at org.codehaus.groovy.reflection.CachedMethod.invoke(CachedMethod.java:93)
	at groovy.lang.MetaMethod.doMethodInvoke(MetaMethod.java:325)
	at groovy.lang.MetaClassImpl.invokeMethod(MetaClassImpl.java:1213)
	at groovy.lang.MetaClassImpl.invokeMethod(MetaClassImpl.java:1022)
	at groovy.lang.MetaClassImpl.invokeMethod(MetaClassImpl.java:810)
	at io.restassured.internal.RequestSpecificationImpl.invokeMethod(RequestSpecificationImpl.groovy)
	at org.codehaus.groovy.runtime.callsite.PogoInterceptableSite.call(PogoInterceptableSite.java:48)
	at org.codehaus.groovy.runtime.callsite.PogoInterceptableSite.callCurrent(PogoInterceptableSite.java:58)
	at org.codehaus.groovy.runtime.callsite.AbstractCallSite.callCurrent(AbstractCallSite.java:182)
	at io.restassured.internal.RequestSpecificationImpl.applyPathParamsAndSendRequest(RequestSpecificationImpl.groovy:1737)
	at sun.reflect.GeneratedMethodAccessor95.invoke(Unknown Source)
	at sun.reflect.DelegatingMethodAccessorImpl.invoke(DelegatingMethodAccessorImpl.java:43)
	at java.lang.reflect.Method.invoke(Method.java:498)
	at org.codehaus.groovy.reflection.CachedMethod.invoke(CachedMethod.java:93)
	at groovy.lang.MetaMethod.doMethodInvoke(MetaMethod.java:325)
	at groovy.lang.MetaClassImpl.invokeMethod(MetaClassImpl.java:1213)
	at groovy.lang.MetaClassImpl.invokeMethod(MetaClassImpl.java:1022)
	at groovy.lang.MetaClassImpl.invokeMethod(MetaClassImpl.java:810)
	at io.restassured.internal.RequestSpecificationImpl.invokeMethod(RequestSpecificationImpl.groovy)
	at org.codehaus.groovy.runtime.callsite.PogoInterceptableSite.call(PogoInterceptableSite.java:48)
	at org.codehaus.groovy.runtime.callsite.PogoInterceptableSite.callCurrent(PogoInterceptableSite.java:58)
	at org.codehaus.groovy.runtime.callsite.AbstractCallSite.callCurrent(AbstractCallSite.java:182)
	at io.restassured.internal.RequestSpecificationImpl.get(RequestSpecificationImpl.groovy:170)
	at io.restassured.internal.RequestSpecificationImpl.get(RequestSpecificationImpl.groovy)
	at com.testvagrant.optimuscloud.clients.AkiraClient.getSessionDetails(AkiraClient.java:59)
	at com.testvagrant.optimuscloud.remote.OptimusCloudDriver.lambda$getSessionDetailsFromCloud$0(OptimusCloudDriver.java:66)
	at org.springframework.retry.support.RetryTemplate.doExecute(RetryTemplate.java:287)
	at org.springframework.retry.support.RetryTemplate.execute(RetryTemplate.java:164)
	at com.testvagrant.optimuscloud.utils.RetryEngine.execute(RetryEngine.java:51)
	at com.testvagrant.optimuscloud.remote.OptimusCloudDriver.getSessionDetailsFromCloud(OptimusCloudDriver.java:85)
	at com.testvagrant.optimuscloud.remote.OptimusCloudDriver.createDriver(OptimusCloudDriver.java:57)
	at com.testvagrant.sample.MobileTest.setupDriver(MobileTest.java:34)
	at sun.reflect.NativeMethodAccessorImpl.invoke0(Native Method)
	at sun.reflect.NativeMethodAccessorImpl.invoke(NativeMethodAccessorImpl.java:62)
	at sun.reflect.DelegatingMethodAccessorImpl.invoke(DelegatingMethodAccessorImpl.java:43)
	at java.lang.reflect.Method.invoke(Method.java:498)
	at org.testng.internal.MethodInvocationHelper.invokeMethod(MethodInvocationHelper.java:133)
	at org.testng.internal.MethodInvocationHelper.invokeMethodConsideringTimeout(MethodInvocationHelper.java:62)
	at org.testng.internal.ConfigInvoker.invokeConfigurationMethod(ConfigInvoker.java:340)
	at org.testng.internal.ConfigInvoker.invokeConfigurations(ConfigInvoker.java:294)
	at org.testng.internal.TestInvoker.runConfigMethods(TestInvoker.java:683)
	at org.testng.internal.TestInvoker.invokeMethod(TestInvoker.java:510)
	at org.testng.internal.TestInvoker.invokeTestMethod(TestInvoker.java:172)
	at org.testng.internal.MethodRunner.runInSequence(MethodRunner.java:46)
	at org.testng.internal.TestInvoker$MethodInvocationAgent.invoke(TestInvoker.java:804)
	at org.testng.internal.TestInvoker.invokeTestMethods(TestInvoker.java:145)
	at org.testng.internal.TestMethodWorker.invokeTestMethods(TestMethodWorker.java:146)
	at org.testng.internal.TestMethodWorker.run(TestMethodWorker.java:128)
	at java.util.concurrent.ThreadPoolExecutor.runWorker(ThreadPoolExecutor.java:1149)
	at java.util.concurrent.ThreadPoolExecutor$Worker.run(ThreadPoolExecutor.java:624)
	at java.lang.Thread.run(Thread.java:748)
</failure>
  </testcase>
  <testcase name="setupDriver" classname="com.testvagrant.sample.MobileTest" time="141.732">
    <failure message="java.net.ConnectException: Connection refused (Connection refused)" type="java.net.ConnectException">java.net.ConnectException: Connection refused (Connection refused)
	at java.net.PlainSocketImpl.socketConnect(Native Method)
	at java.net.AbstractPlainSocketImpl.doConnect(AbstractPlainSocketImpl.java:350)
	at java.net.AbstractPlainSocketImpl.connectToAddress(AbstractPlainSocketImpl.java:206)
	at java.net.AbstractPlainSocketImpl.connect(AbstractPlainSocketImpl.java:188)
	at java.net.SocksSocketImpl.connect(SocksSocketImpl.java:392)
	at java.net.Socket.connect(Socket.java:589)
	at org.apache.http.conn.scheme.PlainSocketFactory.connectSocket(PlainSocketFactory.java:121)
	at org.apache.http.impl.conn.DefaultClientConnectionOperator.openConnection(DefaultClientConnectionOperator.java:180)
	at org.apache.http.impl.conn.ManagedClientConnectionImpl.open(ManagedClientConnectionImpl.java:326)
	at org.apache.http.impl.client.DefaultRequestDirector.tryConnect(DefaultRequestDirector.java:610)
	at org.apache.http.impl.client.DefaultRequestDirector.execute(DefaultRequestDirector.java:445)
	at org.apache.http.impl.client.AbstractHttpClient.doExecute(AbstractHttpClient.java:835)
	at org.apache.http.impl.client.CloseableHttpClient.execute(CloseableHttpClient.java:83)
	at org.apache.http.impl.client.CloseableHttpClient.execute(CloseableHttpClient.java:56)
	at org.apache.http.client.HttpClient$execute$0.call(Unknown Source)
	at org.codehaus.groovy.runtime.callsite.CallSiteArray.defaultCall(CallSiteArray.java:48)
	at org.apache.http.client.HttpClient$execute$0.call(Unknown Source)
	at io.restassured.internal.RequestSpecificationImpl$RestAssuredHttpBuilder.doRequest(RequestSpecificationImpl.groovy:2128)
	at io.restassured.internal.http.HTTPBuilder.doRequest(HTTPBuilder.java:494)
	at io.restassured.internal.http.HTTPBuilder.request(HTTPBuilder.java:451)
	at io.restassured.internal.http.HTTPBuilder$request$2.call(Unknown Source)
	at io.restassured.internal.RequestSpecificationImpl.sendHttpRequest(RequestSpecificationImpl.groovy:1531)
	at sun.reflect.GeneratedMethodAccessor136.invoke(Unknown Source)
	at sun.reflect.DelegatingMethodAccessorImpl.invoke(DelegatingMethodAccessorImpl.java:43)
	at java.lang.reflect.Method.invoke(Method.java:498)
	at org.codehaus.groovy.reflection.CachedMethod.invoke(CachedMethod.java:93)
	at groovy.lang.MetaMethod.doMethodInvoke(MetaMethod.java:325)
	at groovy.lang.MetaClassImpl.invokeMethod(MetaClassImpl.java:1213)
	at groovy.lang.MetaClassImpl.invokeMethod(MetaClassImpl.java:1022)
	at groovy.lang.MetaClassImpl.invokeMethod(MetaClassImpl.java:810)
	at io.restassured.internal.RequestSpecificationImpl.invokeMethod(RequestSpecificationImpl.groovy)
	at org.codehaus.groovy.runtime.callsite.PogoInterceptableSite.call(PogoInterceptableSite.java:48)
	at org.codehaus.groovy.runtime.callsite.PogoInterceptableSite.callCurrent(PogoInterceptableSite.java:58)
	at io.restassured.internal.RequestSpecificationImpl.sendRequest(RequestSpecificationImpl.groovy:1290)
	at sun.reflect.GeneratedMethodAccessor98.invoke(Unknown Source)
	at sun.reflect.DelegatingMethodAccessorImpl.invoke(DelegatingMethodAccessorImpl.java:43)
	at java.lang.reflect.Method.invoke(Method.java:498)
	at org.codehaus.groovy.reflection.CachedMethod.invoke(CachedMethod.java:93)
	at groovy.lang.MetaMethod.doMethodInvoke(MetaMethod.java:325)
	at groovy.lang.MetaClassImpl.invokeMethod(MetaClassImpl.java:1213)
	at groovy.lang.MetaClassImpl.invokeMethod(MetaClassImpl.java:1022)
	at groovy.lang.MetaClassImpl.invokeMethod(MetaClassImpl.java:810)
	at io.restassured.internal.RequestSpecificationImpl.invokeMethod(RequestSpecificationImpl.groovy)
	at org.codehaus.groovy.runtime.callsite.PogoInterceptableSite.call(PogoInterceptableSite.java:48)
	at org.codehaus.groovy.runtime.callsite.AbstractCallSite.call(AbstractCallSite.java:149)
	at io.restassured.internal.filter.SendRequestFilter.filter(SendRequestFilter.groovy:30)
	at io.restassured.filter.Filter$filter$0.call(Unknown Source)
	at org.codehaus.groovy.runtime.callsite.CallSiteArray.defaultCall(CallSiteArray.java:48)
	at io.restassured.filter.Filter$filter.call(Unknown Source)
	at io.restassured.internal.filter.FilterContextImpl.next(FilterContextImpl.groovy:72)
	at io.restassured.filter.time.TimingFilter.filter(TimingFilter.java:56)
	at io.restassured.filter.Filter$filter.call(Unknown Source)
	at org.codehaus.groovy.runtime.callsite.CallSiteArray.defaultCall(CallSiteArray.java:48)
	at io.restassured.filter.Filter$filter$0.call(Unknown Source)
	at io.restassured.internal.filter.FilterContextImpl.next(FilterContextImpl.groovy:72)
	at io.restassured.filter.FilterContext$next.call(Unknown Source)
	at io.restassured.internal.RequestSpecificationImpl.applyPathParamsAndSendRequest(RequestSpecificationImpl.groovy:1731)
	at sun.reflect.GeneratedMethodAccessor96.invoke(Unknown Source)
	at sun.reflect.DelegatingMethodAccessorImpl.invoke(DelegatingMethodAccessorImpl.java:43)
	at java.lang.reflect.Method.invoke(Method.java:498)
	at org.codehaus.groovy.reflection.CachedMethod.invoke(CachedMethod.java:93)
	at groovy.lang.MetaMethod.doMethodInvoke(MetaMethod.java:325)
	at groovy.lang.MetaClassImpl.invokeMethod(MetaClassImpl.java:1213)
	at groovy.lang.MetaClassImpl.invokeMethod(MetaClassImpl.java:1022)
	at groovy.lang.MetaClassImpl.invokeMethod(MetaClassImpl.java:810)
	at io.restassured.internal.RequestSpecificationImpl.invokeMethod(RequestSpecificationImpl.groovy)
	at org.codehaus.groovy.runtime.callsite.PogoInterceptableSite.call(PogoInterceptableSite.java:48)
	at org.codehaus.groovy.runtime.callsite.PogoInterceptableSite.callCurrent(PogoInterceptableSite.java:58)
	at org.codehaus.groovy.runtime.callsite.AbstractCallSite.callCurrent(AbstractCallSite.java:182)
	at io.restassured.internal.RequestSpecificationImpl.applyPathParamsAndSendRequest(RequestSpecificationImpl.groovy:1737)
	at sun.reflect.GeneratedMethodAccessor95.invoke(Unknown Source)
	at sun.reflect.DelegatingMethodAccessorImpl.invoke(DelegatingMethodAccessorImpl.java:43)
	at java.lang.reflect.Method.invoke(Method.java:498)
	at org.codehaus.groovy.reflection.CachedMethod.invoke(CachedMethod.java:93)
	at groovy.lang.MetaMethod.doMethodInvoke(MetaMethod.java:325)
	at groovy.lang.MetaClassImpl.invokeMethod(MetaClassImpl.java:1213)
	at groovy.lang.MetaClassImpl.invokeMethod(MetaClassImpl.java:1022)
	at groovy.lang.MetaClassImpl.invokeMethod(MetaClassImpl.java:810)
	at io.restassured.internal.RequestSpecificationImpl.invokeMethod(RequestSpecificationImpl.groovy)
	at org.codehaus.groovy.runtime.callsite.PogoInterceptableSite.call(PogoInterceptableSite.java:48)
	at org.codehaus.groovy.runtime.callsite.PogoInterceptableSite.callCurrent(PogoInterceptableSite.java:58)
	at org.codehaus.groovy.runtime.callsite.AbstractCallSite.callCurrent(AbstractCallSite.java:182)
	at io.restassured.internal.RequestSpecificationImpl.get(RequestSpecificationImpl.groovy:170)
	at io.restassured.internal.RequestSpecificationImpl.get(RequestSpecificationImpl.groovy)
	at com.testvagrant.optimuscloud.clients.AkiraClient.getSessionDetails(AkiraClient.java:59)
	at com.testvagrant.optimuscloud.remote.OptimusCloudDriver.lambda$getSessionDetailsFromCloud$0(OptimusCloudDriver.java:66)
	at org.springframework.retry.support.RetryTemplate.doExecute(RetryTemplate.java:287)
	at org.springframework.retry.support.RetryTemplate.execute(RetryTemplate.java:164)
	at com.testvagrant.optimuscloud.utils.RetryEngine.execute(RetryEngine.java:51)
	at com.testvagrant.optimuscloud.remote.OptimusCloudDriver.getSessionDetailsFromCloud(OptimusCloudDriver.java:85)
	at com.testvagrant.optimuscloud.remote.OptimusCloudDriver.createDriver(OptimusCloudDriver.java:57)
	at com.testvagrant.sample.MobileTest.setupDriver(MobileTest.java:34)
	at sun.reflect.NativeMethodAccessorImpl.invoke0(Native Method)
	at sun.reflect.NativeMethodAccessorImpl.invoke(NativeMethodAccessorImpl.java:62)
	at sun.reflect.DelegatingMethodAccessorImpl.invoke(DelegatingMethodAccessorImpl.java:43)
	at java.lang.reflect.Method.invoke(Method.java:498)
	at org.testng.internal.MethodInvocationHelper.invokeMethod(MethodInvocationHelper.java:133)
	at org.testng.internal.MethodInvocationHelper.invokeMethodConsideringTimeout(MethodInvocationHelper.java:62)
	at org.testng.internal.ConfigInvoker.invokeConfigurationMethod(ConfigInvoker.java:340)
	at org.testng.internal.ConfigInvoker.invokeConfigurations(ConfigInvoker.java:294)
	at org.testng.internal.TestInvoker.runConfigMethods(TestInvoker.java:683)
	at org.testng.internal.TestInvoker.invokeMethod(TestInvoker.java:510)
	at org.testng.internal.TestInvoker.invokeTestMethod(TestInvoker.java:172)
	at org.testng.internal.MethodRunner.runInSequence(MethodRunner.java:46)
	at org.testng.internal.TestInvoker$MethodInvocationAgent.invoke(TestInvoker.java:804)
	at org.testng.internal.TestInvoker.invokeTestMethods(TestInvoker.java:145)
	at org.testng.internal.TestMethodWorker.invokeTestMethods(TestMethodWorker.java:146)
	at org.testng.internal.TestMethodWorker.run(TestMethodWorker.java:128)
	at java.util.concurrent.ThreadPoolExecutor.runWorker(ThreadPoolExecutor.java:1149)
	at java.util.concurrent.ThreadPoolExecutor$Worker.run(ThreadPoolExecutor.java:624)
	at java.lang.Thread.run(Thread.java:748)
</failure>
  </testcase>
  <system-out><![CDATA[Creating driver with capabilities {app=/Users/krishananandbandameedapalli/Optimus_Cloud/optimuscloudexample/app/HelloOptimus.apk, appActivity=com.testvagrant.hellooptimus.MainActivity, appPackage=com.testvagrant.hellooptimus, newCommandTimeout=3600, platformName=Android}FindMatchingSessionHost=http://192.168.1.24:6889/findMatchingSession
Matching session Details{"desiredCapabilities":null,"sessionUrl":null,"sessionState":null,"buildNo":"09342763-a866-3a1c-afcf-627eefd8fe4b","reserved":false}
Mandatory Caps {platformName='Android', deviceName='null', deviceType='null', platformVersion='null', udid='null', buildNo='null'}
Session Details {desiredCapabilities=null, sessionUrl='null', sessionState=null, isReserved=false}
Retrying session
Creating driver with capabilities {app=/Users/krishananandbandameedapalli/Optimus_Cloud/optimuscloudexample/app/HelloOptimus.apk, appActivity=com.testvagrant.hellooptimus.MainActivity, appPackage=com.testvagrant.hellooptimus, newCommandTimeout=3600, platformName=Android}FindMatchingSessionHost=http://192.168.1.24:6889/findMatchingSession
Matching session Details{"desiredCapabilities":null,"sessionUrl":null,"sessionState":null,"buildNo":"09342763-a866-3a1c-afcf-627eefd8fe4b","reserved":false}
Mandatory Caps {platformName='Android', deviceName='null', deviceType='null', platformVersion='null', udid='null', buildNo='null'}
Session Details {desiredCapabilities=null, sessionUrl='null', sessionState=null, isReserved=false}
Retrying session
Creating driver with capabilities {app=/Users/krishananandbandameedapalli/Optimus_Cloud/optimuscloudexample/app/HelloOptimus.apk, appActivity=com.testvagrant.hellooptimus.MainActivity, appPackage=com.testvagrant.hellooptimus, newCommandTimeout=3600, platformName=Android}FindMatchingSessionHost=http://192.168.1.24:6889/findMatchingSession
Matching session Details{"desiredCapabilities":null,"sessionUrl":null,"sessionState":null,"buildNo":"09342763-a866-3a1c-afcf-627eefd8fe4b","reserved":false}
Mandatory Caps {platformName='Android', deviceName='null', deviceType='null', platformVersion='null', udid='null', buildNo='null'}
Session Details {desiredCapabilities=null, sessionUrl='null', sessionState=null, isReserved=false}
Retrying session
Creating driver with capabilities {app=/Users/krishananandbandameedapalli/Optimus_Cloud/optimuscloudexample/app/HelloOptimus.apk, appActivity=com.testvagrant.hellooptimus.MainActivity, appPackage=com.testvagrant.hellooptimus, newCommandTimeout=3600, platformName=Android}FindMatchingSessionHost=http://192.168.1.24:6889/findMatchingSession
Matching session Details{"desiredCapabilities":null,"sessionUrl":null,"sessionState":null,"buildNo":"09342763-a866-3a1c-afcf-627eefd8fe4b","reserved":false}
Mandatory Caps {platformName='Android', deviceName='null', deviceType='null', platformVersion='null', udid='null', buildNo='null'}
Session Details {desiredCapabilities=null, sessionUrl='null', sessionState=null, isReserved=false}
Retrying session
FindMatchingSessionHost=http://192.168.1.24:6889/findMatchingSession
Matching session Details{"desiredCapabilities":null,"sessionUrl":null,"sessionState":null,"buildNo":"09342763-a866-3a1c-afcf-627eefd8fe4b","reserved":false}
Mandatory Caps {platformName='Android', deviceName='null', deviceType='null', platformVersion='null', udid='null', buildNo='null'}
Session Details {desiredCapabilities=null, sessionUrl='null', sessionState=null, isReserved=false}
Retrying session
FindMatchingSessionHost=http://192.168.1.24:6889/findMatchingSession
Matching session Details{"desiredCapabilities":null,"sessionUrl":null,"sessionState":null,"buildNo":"09342763-a866-3a1c-afcf-627eefd8fe4b","reserved":false}
Mandatory Caps {platformName='Android', deviceName='null', deviceType='null', platformVersion='null', udid='null', buildNo='null'}
Session Details {desiredCapabilities=null, sessionUrl='null', sessionState=null, isReserved=false}
Retrying session
FindMatchingSessionHost=http://192.168.1.24:6889/findMatchingSession
Matching session Details{"desiredCapabilities":null,"sessionUrl":null,"sessionState":null,"buildNo":"09342763-a866-3a1c-afcf-627eefd8fe4b","reserved":false}
Mandatory Caps {platformName='Android', deviceName='null', deviceType='null', platformVersion='null', udid='null', buildNo='null'}
Session Details {desiredCapabilities=null, sessionUrl='null', sessionState=null, isReserved=false}
Retrying session
FindMatchingSessionHost=http://192.168.1.24:6889/findMatchingSession
Matching session Details{"desiredCapabilities":null,"sessionUrl":null,"sessionState":null,"buildNo":"09342763-a866-3a1c-afcf-627eefd8fe4b","reserved":false}
Mandatory Caps {platformName='Android', deviceName='null', deviceType='null', platformVersion='null', udid='null', buildNo='null'}
Session Details {desiredCapabilities=null, sessionUrl='null', sessionState=null, isReserved=false}
Retrying session
FindMatchingSessionHost=http://192.168.1.24:6889/findMatchingSession
Matching session Details{"desiredCapabilities":null,"sessionUrl":null,"sessionState":null,"buildNo":"09342763-a866-3a1c-afcf-627eefd8fe4b","reserved":false}
Mandatory Caps {platformName='Android', deviceName='null', deviceType='null', platformVersion='null', udid='null', buildNo='null'}
Session Details {desiredCapabilities=null, sessionUrl='null', sessionState=null, isReserved=false}
Retrying session
FindMatchingSessionHost=http://192.168.1.24:6889/findMatchingSession
Matching session Details{"desiredCapabilities":null,"sessionUrl":null,"sessionState":null,"buildNo":"09342763-a866-3a1c-afcf-627eefd8fe4b","reserved":false}
Mandatory Caps {platformName='Android', deviceName='null', deviceType='null', platformVersion='null', udid='null', buildNo='null'}
Session Details {desiredCapabilities=null, sessionUrl='null', sessionState=null, isReserved=false}
Retrying session
FindMatchingSessionHost=http://192.168.1.24:6889/findMatchingSession
Matching session Details{"desiredCapabilities":null,"sessionUrl":null,"sessionState":null,"buildNo":"09342763-a866-3a1c-afcf-627eefd8fe4b","reserved":false}
Mandatory Caps {platformName='Android', deviceName='null', deviceType='null', platformVersion='null', udid='null', buildNo='null'}
Session Details {desiredCapabilities=null, sessionUrl='null', sessionState=null, isReserved=false}
Retrying session
FindMatchingSessionHost=http://192.168.1.24:6889/findMatchingSession
Matching session Details{"desiredCapabilities":null,"sessionUrl":null,"sessionState":null,"buildNo":"09342763-a866-3a1c-afcf-627eefd8fe4b","reserved":false}
Mandatory Caps {platformName='Android', deviceName='null', deviceType='null', platformVersion='null', udid='null', buildNo='null'}
Session Details {desiredCapabilities=null, sessionUrl='null', sessionState=null, isReserved=false}
Retrying session
FindMatchingSessionHost=http://192.168.1.24:6889/findMatchingSession
Matching session Details{"desiredCapabilities":null,"sessionUrl":null,"sessionState":null,"buildNo":"09342763-a866-3a1c-afcf-627eefd8fe4b","reserved":false}
Mandatory Caps {platformName='Android', deviceName='null', deviceType='null', platformVersion='null', udid='null', buildNo='null'}
Session Details {desiredCapabilities=null, sessionUrl='null', sessionState=null, isReserved=false}
Retrying session
FindMatchingSessionHost=http://192.168.1.24:6889/findMatchingSession
Matching session Details{"desiredCapabilities":null,"sessionUrl":null,"sessionState":null,"buildNo":"09342763-a866-3a1c-afcf-627eefd8fe4b","reserved":false}
Mandatory Caps {platformName='Android', deviceName='null', deviceType='null', platformVersion='null', udid='null', buildNo='null'}
Session Details {desiredCapabilities=null, sessionUrl='null', sessionState=null, isReserved=false}
Retrying session
FindMatchingSessionHost=http://192.168.1.24:6889/findMatchingSession
Matching session Details{"desiredCapabilities":null,"sessionUrl":null,"sessionState":null,"buildNo":"09342763-a866-3a1c-afcf-627eefd8fe4b","reserved":false}
Mandatory Caps {platformName='Android', deviceName='null', deviceType='null', platformVersion='null', udid='null', buildNo='null'}
Session Details {desiredCapabilities=null, sessionUrl='null', sessionState=null, isReserved=false}
Retrying session
FindMatchingSessionHost=http://192.168.1.24:6889/findMatchingSession
Matching session Details{"desiredCapabilities":null,"sessionUrl":null,"sessionState":null,"buildNo":"09342763-a866-3a1c-afcf-627eefd8fe4b","reserved":false}
Mandatory Caps {platformName='Android', deviceName='null', deviceType='null', platformVersion='null', udid='null', buildNo='null'}
Session Details {desiredCapabilities=null, sessionUrl='null', sessionState=null, isReserved=false}
Retrying session
FindMatchingSessionHost=http://192.168.1.24:6889/findMatchingSession
Matching session Details{"desiredCapabilities":null,"sessionUrl":null,"sessionState":null,"buildNo":"09342763-a866-3a1c-afcf-627eefd8fe4b","reserved":false}
Mandatory Caps {platformName='Android', deviceName='null', deviceType='null', platformVersion='null', udid='null', buildNo='null'}
Session Details {desiredCapabilities=null, sessionUrl='null', sessionState=null, isReserved=false}
Retrying session
FindMatchingSessionHost=http://192.168.1.24:6889/findMatchingSession
Matching session Details{"desiredCapabilities":null,"sessionUrl":null,"sessionState":null,"buildNo":"09342763-a866-3a1c-afcf-627eefd8fe4b","reserved":false}
Mandatory Caps {platformName='Android', deviceName='null', deviceType='null', platformVersion='null', udid='null', buildNo='null'}
Session Details {desiredCapabilities=null, sessionUrl='null', sessionState=null, isReserved=false}
Retrying session
FindMatchingSessionHost=http://192.168.1.24:6889/findMatchingSession
Matching session Details{"desiredCapabilities":null,"sessionUrl":null,"sessionState":null,"buildNo":"09342763-a866-3a1c-afcf-627eefd8fe4b","reserved":false}
Mandatory Caps {platformName='Android', deviceName='null', deviceType='null', platformVersion='null', udid='null', buildNo='null'}
Session Details {desiredCapabilities=null, sessionUrl='null', sessionState=null, isReserved=false}
Retrying session
FindMatchingSessionHost=http://192.168.1.24:6889/findMatchingSession
Matching session Details{"desiredCapabilities":null,"sessionUrl":null,"sessionState":null,"buildNo":"09342763-a866-3a1c-afcf-627eefd8fe4b","reserved":false}
Mandatory Caps {platformName='Android', deviceName='null', deviceType='null', platformVersion='null', udid='null', buildNo='null'}
Session Details {desiredCapabilities=null, sessionUrl='null', sessionState=null, isReserved=false}
Retrying session
FindMatchingSessionHost=http://192.168.1.24:6889/findMatchingSession
Matching session Details{"desiredCapabilities":null,"sessionUrl":null,"sessionState":null,"buildNo":"09342763-a866-3a1c-afcf-627eefd8fe4b","reserved":false}
Mandatory Caps {platformName='Android', deviceName='null', deviceType='null', platformVersion='null', udid='null', buildNo='null'}
Session Details {desiredCapabilities=null, sessionUrl='null', sessionState=null, isReserved=false}
Retrying session
FindMatchingSessionHost=http://192.168.1.24:6889/findMatchingSession
Matching session Details{"timestamp":"2020-01-20T08:59:06.629+0000","status":500,"error":"Internal Server Error","message":"Cannot deserialize instance of `com.testvagrant.optimuscloud.akira.entities.SessionDetails[]` out of START_OBJECT token\n at [Source: (String)\"{\"timestamp\":\"2020-01-20T08:59:06.590+0000\",\"status\":500,\"error\":\"Internal Server Error\",\"message\":\"No message available\",\"path\":\"/findMatchingSessions\"}\"; line: 1, column: 1]","path":"/findMatchingSession"}
Mandatory Caps {platformName='Android', deviceName='null', deviceType='null', platformVersion='null', udid='null', buildNo='null'}
Session Details {desiredCapabilities=null, sessionUrl='null', sessionState=null, isReserved=false}
Retrying session
FindMatchingSessionHost=http://192.168.1.24:6889/findMatchingSession
Matching session Details{"desiredCapabilities":null,"sessionUrl":null,"sessionState":null,"buildNo":"09342763-a866-3a1c-afcf-627eefd8fe4b","reserved":false}
Mandatory Caps {platformName='Android', deviceName='null', deviceType='null', platformVersion='null', udid='null', buildNo='null'}
Session Details {desiredCapabilities=null, sessionUrl='null', sessionState=null, isReserved=false}
Retrying session
FindMatchingSessionHost=http://192.168.1.24:6889/findMatchingSession
Matching session Details{"desiredCapabilities":null,"sessionUrl":null,"sessionState":null,"buildNo":"09342763-a866-3a1c-afcf-627eefd8fe4b","reserved":false}
Mandatory Caps {platformName='Android', deviceName='null', deviceType='null', platformVersion='null', udid='null', buildNo='null'}
Session Details {desiredCapabilities=null, sessionUrl='null', sessionState=null, isReserved=false}
Retrying session
FindMatchingSessionHost=http://192.168.1.24:6889/findMatchingSession
Matching session Details{"desiredCapabilities":null,"sessionUrl":null,"sessionState":null,"buildNo":"09342763-a866-3a1c-afcf-627eefd8fe4b","reserved":false}
Mandatory Caps {platformName='Android', deviceName='null', deviceType='null', platformVersion='null', udid='null', buildNo='null'}
Session Details {desiredCapabilities=null, sessionUrl='null', sessionState=null, isReserved=false}
Retrying session
FindMatchingSessionHost=http://192.168.1.24:6889/findMatchingSession
Matching session Details{"desiredCapabilities":null,"sessionUrl":null,"sessionState":null,"buildNo":"09342763-a866-3a1c-afcf-627eefd8fe4b","reserved":false}
Mandatory Caps {platformName='Android', deviceName='null', deviceType='null', platformVersion='null', udid='null', buildNo='null'}
Session Details {desiredCapabilities=null, sessionUrl='null', sessionState=null, isReserved=false}
Retrying session
FindMatchingSessionHost=http://192.168.1.24:6889/findMatchingSession
Matching session Details{"desiredCapabilities":null,"sessionUrl":null,"sessionState":null,"buildNo":"09342763-a866-3a1c-afcf-627eefd8fe4b","reserved":false}
Mandatory Caps {platformName='Android', deviceName='null', deviceType='null', platformVersion='null', udid='null', buildNo='null'}
Session Details {desiredCapabilities=null, sessionUrl='null', sessionState=null, isReserved=false}
Retrying session
FindMatchingSessionHost=http://192.168.1.24:6889/findMatchingSession
Matching session Details{"desiredCapabilities":null,"sessionUrl":null,"sessionState":null,"buildNo":"09342763-a866-3a1c-afcf-627eefd8fe4b","reserved":false}
Mandatory Caps {platformName='Android', deviceName='null', deviceType='null', platformVersion='null', udid='null', buildNo='null'}
Session Details {desiredCapabilities=null, sessionUrl='null', sessionState=null, isReserved=false}
Retrying session
FindMatchingSessionHost=http://192.168.1.24:6889/findMatchingSession
Matching session Details{"desiredCapabilities":null,"sessionUrl":null,"sessionState":null,"buildNo":"09342763-a866-3a1c-afcf-627eefd8fe4b","reserved":false}
Mandatory Caps {platformName='Android', deviceName='null', deviceType='null', platformVersion='null', udid='null', buildNo='null'}
Session Details {desiredCapabilities=null, sessionUrl='null', sessionState=null, isReserved=false}
Retrying session
FindMatchingSessionHost=http://192.168.1.24:6889/findMatchingSession
Matching session Details{"desiredCapabilities":null,"sessionUrl":null,"sessionState":null,"buildNo":"09342763-a866-3a1c-afcf-627eefd8fe4b","reserved":false}
Mandatory Caps {platformName='Android', deviceName='null', deviceType='null', platformVersion='null', udid='null', buildNo='null'}
Session Details {desiredCapabilities=null, sessionUrl='null', sessionState=null, isReserved=false}
Retrying session
FindMatchingSessionHost=http://192.168.1.24:6889/findMatchingSession
Matching session Details{"desiredCapabilities":null,"sessionUrl":null,"sessionState":null,"buildNo":"09342763-a866-3a1c-afcf-627eefd8fe4b","reserved":false}
Mandatory Caps {platformName='Android', deviceName='null', deviceType='null', platformVersion='null', udid='null', buildNo='null'}
Session Details {desiredCapabilities=null, sessionUrl='null', sessionState=null, isReserved=false}
Retrying session
FindMatchingSessionHost=http://192.168.1.24:6889/findMatchingSession
Matching session Details{"desiredCapabilities":null,"sessionUrl":null,"sessionState":null,"buildNo":"09342763-a866-3a1c-afcf-627eefd8fe4b","reserved":false}
Mandatory Caps {platformName='Android', deviceName='null', deviceType='null', platformVersion='null', udid='null', buildNo='null'}
Session Details {desiredCapabilities=null, sessionUrl='null', sessionState=null, isReserved=false}
Retrying session
FindMatchingSessionHost=http://192.168.1.24:6889/findMatchingSession
Matching session Details{"desiredCapabilities":null,"sessionUrl":null,"sessionState":null,"buildNo":"09342763-a866-3a1c-afcf-627eefd8fe4b","reserved":false}
Mandatory Caps {platformName='Android', deviceName='null', deviceType='null', platformVersion='null', udid='null', buildNo='null'}
Session Details {desiredCapabilities=null, sessionUrl='null', sessionState=null, isReserved=false}
Retrying session
FindMatchingSessionHost=http://192.168.1.24:6889/findMatchingSession
Matching session Details{"desiredCapabilities":null,"sessionUrl":null,"sessionState":null,"buildNo":"09342763-a866-3a1c-afcf-627eefd8fe4b","reserved":false}
Mandatory Caps {platformName='Android', deviceName='null', deviceType='null', platformVersion='null', udid='null', buildNo='null'}
Session Details {desiredCapabilities=null, sessionUrl='null', sessionState=null, isReserved=false}
Retrying session
FindMatchingSessionHost=http://192.168.1.24:6889/findMatchingSession
Matching session Details{"desiredCapabilities":null,"sessionUrl":null,"sessionState":null,"buildNo":"09342763-a866-3a1c-afcf-627eefd8fe4b","reserved":false}
Mandatory Caps {platformName='Android', deviceName='null', deviceType='null', platformVersion='null', udid='null', buildNo='null'}
Session Details {desiredCapabilities=null, sessionUrl='null', sessionState=null, isReserved=false}
Retrying session
FindMatchingSessionHost=http://192.168.1.24:6889/findMatchingSession
Matching session Details{"desiredCapabilities":null,"sessionUrl":null,"sessionState":null,"buildNo":"09342763-a866-3a1c-afcf-627eefd8fe4b","reserved":false}
Mandatory Caps {platformName='Android', deviceName='null', deviceType='null', platformVersion='null', udid='null', buildNo='null'}
Session Details {desiredCapabilities=null, sessionUrl='null', sessionState=null, isReserved=false}
Retrying session
FindMatchingSessionHost=http://192.168.1.24:6889/findMatchingSession
Matching session Details{"desiredCapabilities":null,"sessionUrl":null,"sessionState":null,"buildNo":"09342763-a866-3a1c-afcf-627eefd8fe4b","reserved":false}
Mandatory Caps {platformName='Android', deviceName='null', deviceType='null', platformVersion='null', udid='null', buildNo='null'}
Session Details {desiredCapabilities=null, sessionUrl='null', sessionState=null, isReserved=false}
Retrying session
FindMatchingSessionHost=http://192.168.1.24:6889/findMatchingSession
Matching session Details{"desiredCapabilities":null,"sessionUrl":null,"sessionState":null,"buildNo":"09342763-a866-3a1c-afcf-627eefd8fe4b","reserved":false}
Mandatory Caps {platformName='Android', deviceName='null', deviceType='null', platformVersion='null', udid='null', buildNo='null'}
Session Details {desiredCapabilities=null, sessionUrl='null', sessionState=null, isReserved=false}
Retrying session
FindMatchingSessionHost=http://192.168.1.24:6889/findMatchingSession
Matching session Details{"desiredCapabilities":null,"sessionUrl":null,"sessionState":null,"buildNo":"09342763-a866-3a1c-afcf-627eefd8fe4b","reserved":false}
Mandatory Caps {platformName='Android', deviceName='null', deviceType='null', platformVersion='null', udid='null', buildNo='null'}
Session Details {desiredCapabilities=null, sessionUrl='null', sessionState=null, isReserved=false}
Retrying session
FindMatchingSessionHost=http://192.168.1.24:6889/findMatchingSession
Matching session Details{"desiredCapabilities":null,"sessionUrl":null,"sessionState":null,"buildNo":"09342763-a866-3a1c-afcf-627eefd8fe4b","reserved":false}
Mandatory Caps {platformName='Android', deviceName='null', deviceType='null', platformVersion='null', udid='null', buildNo='null'}
Session Details {desiredCapabilities=null, sessionUrl='null', sessionState=null, isReserved=false}
Retrying session
FindMatchingSessionHost=http://192.168.1.24:6889/findMatchingSession
Matching session Details{"desiredCapabilities":null,"sessionUrl":null,"sessionState":null,"buildNo":"09342763-a866-3a1c-afcf-627eefd8fe4b","reserved":false}
Mandatory Caps {platformName='Android', deviceName='null', deviceType='null', platformVersion='null', udid='null', buildNo='null'}
Session Details {desiredCapabilities=null, sessionUrl='null', sessionState=null, isReserved=false}
Retrying session
FindMatchingSessionHost=http://192.168.1.24:6889/findMatchingSession
Matching session Details{"desiredCapabilities":null,"sessionUrl":null,"sessionState":null,"buildNo":"09342763-a866-3a1c-afcf-627eefd8fe4b","reserved":false}
Mandatory Caps {platformName='Android', deviceName='null', deviceType='null', platformVersion='null', udid='null', buildNo='null'}
Session Details {desiredCapabilities=null, sessionUrl='null', sessionState=null, isReserved=false}
Retrying session
FindMatchingSessionHost=http://192.168.1.24:6889/findMatchingSession
Matching session Details{"desiredCapabilities":null,"sessionUrl":null,"sessionState":null,"buildNo":"09342763-a866-3a1c-afcf-627eefd8fe4b","reserved":false}
Mandatory Caps {platformName='Android', deviceName='null', deviceType='null', platformVersion='null', udid='null', buildNo='null'}
Session Details {desiredCapabilities=null, sessionUrl='null', sessionState=null, isReserved=false}
Retrying session
FindMatchingSessionHost=http://192.168.1.24:6889/findMatchingSession
Matching session Details{"desiredCapabilities":null,"sessionUrl":null,"sessionState":null,"buildNo":"09342763-a866-3a1c-afcf-627eefd8fe4b","reserved":false}
Mandatory Caps {platformName='Android', deviceName='null', deviceType='null', platformVersion='null', udid='null', buildNo='null'}
Session Details {desiredCapabilities=null, sessionUrl='null', sessionState=null, isReserved=false}
Retrying session
FindMatchingSessionHost=http://192.168.1.24:6889/findMatchingSession
Matching session Details{"desiredCapabilities":null,"sessionUrl":null,"sessionState":null,"buildNo":"09342763-a866-3a1c-afcf-627eefd8fe4b","reserved":false}
Mandatory Caps {platformName='Android', deviceName='null', deviceType='null', platformVersion='null', udid='null', buildNo='null'}
Session Details {desiredCapabilities=null, sessionUrl='null', sessionState=null, isReserved=false}
Retrying session
FindMatchingSessionHost=http://192.168.1.24:6889/findMatchingSession
Matching session Details{"desiredCapabilities":null,"sessionUrl":null,"sessionState":null,"buildNo":"09342763-a866-3a1c-afcf-627eefd8fe4b","reserved":false}
Mandatory Caps {platformName='Android', deviceName='null', deviceType='null', platformVersion='null', udid='null', buildNo='null'}
Session Details {desiredCapabilities=null, sessionUrl='null', sessionState=null, isReserved=false}
Retrying session
FindMatchingSessionHost=http://192.168.1.24:6889/findMatchingSession
Matching session Details{"desiredCapabilities":null,"sessionUrl":null,"sessionState":null,"buildNo":"09342763-a866-3a1c-afcf-627eefd8fe4b","reserved":false}
Mandatory Caps {platformName='Android', deviceName='null', deviceType='null', platformVersion='null', udid='null', buildNo='null'}
Session Details {desiredCapabilities=null, sessionUrl='null', sessionState=null, isReserved=false}
Retrying session
FindMatchingSessionHost=http://192.168.1.24:6889/findMatchingSession
Matching session Details{"desiredCapabilities":null,"sessionUrl":null,"sessionState":null,"buildNo":"09342763-a866-3a1c-afcf-627eefd8fe4b","reserved":false}
Mandatory Caps {platformName='Android', deviceName='null', deviceType='null', platformVersion='null', udid='null', buildNo='null'}
Session Details {desiredCapabilities=null, sessionUrl='null', sessionState=null, isReserved=false}
Retrying session
FindMatchingSessionHost=http://192.168.1.24:6889/findMatchingSession
Matching session Details{"desiredCapabilities":null,"sessionUrl":null,"sessionState":null,"buildNo":"09342763-a866-3a1c-afcf-627eefd8fe4b","reserved":false}
Mandatory Caps {platformName='Android', deviceName='null', deviceType='null', platformVersion='null', udid='null', buildNo='null'}
Session Details {desiredCapabilities=null, sessionUrl='null', sessionState=null, isReserved=false}
Retrying session
FindMatchingSessionHost=http://192.168.1.24:6889/findMatchingSession
Matching session Details{"desiredCapabilities":null,"sessionUrl":null,"sessionState":null,"buildNo":"09342763-a866-3a1c-afcf-627eefd8fe4b","reserved":false}
Mandatory Caps {platformName='Android', deviceName='null', deviceType='null', platformVersion='null', udid='null', buildNo='null'}
Session Details {desiredCapabilities=null, sessionUrl='null', sessionState=null, isReserved=false}
Retrying session
FindMatchingSessionHost=http://192.168.1.24:6889/findMatchingSession
Matching session Details{"desiredCapabilities":null,"sessionUrl":null,"sessionState":null,"buildNo":"09342763-a866-3a1c-afcf-627eefd8fe4b","reserved":false}
Mandatory Caps {platformName='Android', deviceName='null', deviceType='null', platformVersion='null', udid='null', buildNo='null'}
Session Details {desiredCapabilities=null, sessionUrl='null', sessionState=null, isReserved=false}
Retrying session
FindMatchingSessionHost=http://192.168.1.24:6889/findMatchingSession
Matching session Details{"desiredCapabilities":null,"sessionUrl":null,"sessionState":null,"buildNo":"09342763-a866-3a1c-afcf-627eefd8fe4b","reserved":false}
Mandatory Caps {platformName='Android', deviceName='null', deviceType='null', platformVersion='null', udid='null', buildNo='null'}
Session Details {desiredCapabilities=null, sessionUrl='null', sessionState=null, isReserved=false}
Retrying session
FindMatchingSessionHost=http://192.168.1.24:6889/findMatchingSession
Matching session Details{"desiredCapabilities":null,"sessionUrl":null,"sessionState":null,"buildNo":"09342763-a866-3a1c-afcf-627eefd8fe4b","reserved":false}
Mandatory Caps {platformName='Android', deviceName='null', deviceType='null', platformVersion='null', udid='null', buildNo='null'}
Session Details {desiredCapabilities=null, sessionUrl='null', sessionState=null, isReserved=false}
Retrying session
FindMatchingSessionHost=http://192.168.1.24:6889/findMatchingSession
Matching session Details{"desiredCapabilities":null,"sessionUrl":null,"sessionState":null,"buildNo":"09342763-a866-3a1c-afcf-627eefd8fe4b","reserved":false}
Mandatory Caps {platformName='Android', deviceName='null', deviceType='null', platformVersion='null', udid='null', buildNo='null'}
Session Details {desiredCapabilities=null, sessionUrl='null', sessionState=null, isReserved=false}
Retrying session
FindMatchingSessionHost=http://192.168.1.24:6889/findMatchingSession
Matching session Details{"desiredCapabilities":null,"sessionUrl":null,"sessionState":null,"buildNo":"09342763-a866-3a1c-afcf-627eefd8fe4b","reserved":false}
Mandatory Caps {platformName='Android', deviceName='null', deviceType='null', platformVersion='null', udid='null', buildNo='null'}
Session Details {desiredCapabilities=null, sessionUrl='null', sessionState=null, isReserved=false}
Retrying session
FindMatchingSessionHost=http://192.168.1.24:6889/findMatchingSession
Matching session Details{"desiredCapabilities":null,"sessionUrl":null,"sessionState":null,"buildNo":"09342763-a866-3a1c-afcf-627eefd8fe4b","reserved":false}
Mandatory Caps {platformName='Android', deviceName='null', deviceType='null', platformVersion='null', udid='null', buildNo='null'}
Session Details {desiredCapabilities=null, sessionUrl='null', sessionState=null, isReserved=false}
Retrying session
FindMatchingSessionHost=http://192.168.1.24:6889/findMatchingSession
Matching session Details{"desiredCapabilities":null,"sessionUrl":null,"sessionState":null,"buildNo":"09342763-a866-3a1c-afcf-627eefd8fe4b","reserved":false}
Mandatory Caps {platformName='Android', deviceName='null', deviceType='null', platformVersion='null', udid='null', buildNo='null'}
Session Details {desiredCapabilities=null, sessionUrl='null', sessionState=null, isReserved=false}
Retrying session
FindMatchingSessionHost=http://192.168.1.24:6889/findMatchingSession
Matching session Details{"desiredCapabilities":null,"sessionUrl":null,"sessionState":null,"buildNo":"09342763-a866-3a1c-afcf-627eefd8fe4b","reserved":false}
Mandatory Caps {platformName='Android', deviceName='null', deviceType='null', platformVersion='null', udid='null', buildNo='null'}
Session Details {desiredCapabilities=null, sessionUrl='null', sessionState=null, isReserved=false}
Retrying session
FindMatchingSessionHost=http://192.168.1.24:6889/findMatchingSession
Matching session Details{"desiredCapabilities":null,"sessionUrl":null,"sessionState":null,"buildNo":"09342763-a866-3a1c-afcf-627eefd8fe4b","reserved":false}
Mandatory Caps {platformName='Android', deviceName='null', deviceType='null', platformVersion='null', udid='null', buildNo='null'}
Session Details {desiredCapabilities=null, sessionUrl='null', sessionState=null, isReserved=false}
Retrying session
FindMatchingSessionHost=http://192.168.1.24:6889/findMatchingSession
Matching session Details{"desiredCapabilities":null,"sessionUrl":null,"sessionState":null,"buildNo":"09342763-a866-3a1c-afcf-627eefd8fe4b","reserved":false}
Mandatory Caps {platformName='Android', deviceName='null', deviceType='null', platformVersion='null', udid='null', buildNo='null'}
Session Details {desiredCapabilities=null, sessionUrl='null', sessionState=null, isReserved=false}
Retrying session
FindMatchingSessionHost=http://192.168.1.24:6889/findMatchingSession
Matching session Details{"desiredCapabilities":null,"sessionUrl":null,"sessionState":null,"buildNo":"09342763-a866-3a1c-afcf-627eefd8fe4b","reserved":false}
Mandatory Caps {platformName='Android', deviceName='null', deviceType='null', platformVersion='null', udid='null', buildNo='null'}
Session Details {desiredCapabilities=null, sessionUrl='null', sessionState=null, isReserved=false}
Retrying session
FindMatchingSessionHost=http://192.168.1.24:6889/findMatchingSession
Matching session Details{"desiredCapabilities":null,"sessionUrl":null,"sessionState":null,"buildNo":"09342763-a866-3a1c-afcf-627eefd8fe4b","reserved":false}
Mandatory Caps {platformName='Android', deviceName='null', deviceType='null', platformVersion='null', udid='null', buildNo='null'}
Session Details {desiredCapabilities=null, sessionUrl='null', sessionState=null, isReserved=false}
Retrying session
FindMatchingSessionHost=http://192.168.1.24:6889/findMatchingSession
Matching session Details{"desiredCapabilities":null,"sessionUrl":null,"sessionState":null,"buildNo":"09342763-a866-3a1c-afcf-627eefd8fe4b","reserved":false}
Mandatory Caps {platformName='Android', deviceName='null', deviceType='null', platformVersion='null', udid='null', buildNo='null'}
Session Details {desiredCapabilities=null, sessionUrl='null', sessionState=null, isReserved=false}
Retrying session
FindMatchingSessionHost=http://192.168.1.24:6889/findMatchingSession
Matching session Details{"desiredCapabilities":null,"sessionUrl":null,"sessionState":null,"buildNo":"09342763-a866-3a1c-afcf-627eefd8fe4b","reserved":false}
Mandatory Caps {platformName='Android', deviceName='null', deviceType='null', platformVersion='null', udid='null', buildNo='null'}
Session Details {desiredCapabilities=null, sessionUrl='null', sessionState=null, isReserved=false}
Retrying session
FindMatchingSessionHost=http://192.168.1.24:6889/findMatchingSession
Matching session Details{"desiredCapabilities":null,"sessionUrl":null,"sessionState":null,"buildNo":"09342763-a866-3a1c-afcf-627eefd8fe4b","reserved":false}
Mandatory Caps {platformName='Android', deviceName='null', deviceType='null', platformVersion='null', udid='null', buildNo='null'}
Session Details {desiredCapabilities=null, sessionUrl='null', sessionState=null, isReserved=false}
Retrying session
FindMatchingSessionHost=http://192.168.1.24:6889/findMatchingSession
Matching session Details{"desiredCapabilities":null,"sessionUrl":null,"sessionState":null,"buildNo":"09342763-a866-3a1c-afcf-627eefd8fe4b","reserved":false}
Mandatory Caps {platformName='Android', deviceName='null', deviceType='null', platformVersion='null', udid='null', buildNo='null'}
Session Details {desiredCapabilities=null, sessionUrl='null', sessionState=null, isReserved=false}
Retrying session
FindMatchingSessionHost=http://192.168.1.24:6889/findMatchingSession
Matching session Details{"desiredCapabilities":null,"sessionUrl":null,"sessionState":null,"buildNo":"09342763-a866-3a1c-afcf-627eefd8fe4b","reserved":false}
Mandatory Caps {platformName='Android', deviceName='null', deviceType='null', platformVersion='null', udid='null', buildNo='null'}
Session Details {desiredCapabilities=null, sessionUrl='null', sessionState=null, isReserved=false}
Retrying session
FindMatchingSessionHost=http://192.168.1.24:6889/findMatchingSession
Matching session Details{"desiredCapabilities":null,"sessionUrl":null,"sessionState":null,"buildNo":"09342763-a866-3a1c-afcf-627eefd8fe4b","reserved":false}
Mandatory Caps {platformName='Android', deviceName='null', deviceType='null', platformVersion='null', udid='null', buildNo='null'}
Session Details {desiredCapabilities=null, sessionUrl='null', sessionState=null, isReserved=false}
Retrying session
FindMatchingSessionHost=http://192.168.1.24:6889/findMatchingSession
Matching session Details{"desiredCapabilities":null,"sessionUrl":null,"sessionState":null,"buildNo":"09342763-a866-3a1c-afcf-627eefd8fe4b","reserved":false}
Mandatory Caps {platformName='Android', deviceName='null', deviceType='null', platformVersion='null', udid='null', buildNo='null'}
Session Details {desiredCapabilities=null, sessionUrl='null', sessionState=null, isReserved=false}
Retrying session
FindMatchingSessionHost=http://192.168.1.24:6889/findMatchingSession
Matching session Details{"desiredCapabilities":null,"sessionUrl":null,"sessionState":null,"buildNo":"09342763-a866-3a1c-afcf-627eefd8fe4b","reserved":false}
Mandatory Caps {platformName='Android', deviceName='null', deviceType='null', platformVersion='null', udid='null', buildNo='null'}
Session Details {desiredCapabilities=null, sessionUrl='null', sessionState=null, isReserved=false}
Retrying session
FindMatchingSessionHost=http://192.168.1.24:6889/findMatchingSession
Matching session Details{"desiredCapabilities":null,"sessionUrl":null,"sessionState":null,"buildNo":"09342763-a866-3a1c-afcf-627eefd8fe4b","reserved":false}
Mandatory Caps {platformName='Android', deviceName='null', deviceType='null', platformVersion='null', udid='null', buildNo='null'}
Session Details {desiredCapabilities=null, sessionUrl='null', sessionState=null, isReserved=false}
Retrying session
FindMatchingSessionHost=http://192.168.1.24:6889/findMatchingSession
Matching session Details{"desiredCapabilities":null,"sessionUrl":null,"sessionState":null,"buildNo":"09342763-a866-3a1c-afcf-627eefd8fe4b","reserved":false}
Mandatory Caps {platformName='Android', deviceName='null', deviceType='null', platformVersion='null', udid='null', buildNo='null'}
Session Details {desiredCapabilities=null, sessionUrl='null', sessionState=null, isReserved=false}
Retrying session
FindMatchingSessionHost=http://192.168.1.24:6889/findMatchingSession
Matching session Details{"desiredCapabilities":null,"sessionUrl":null,"sessionState":null,"buildNo":"09342763-a866-3a1c-afcf-627eefd8fe4b","reserved":false}
Mandatory Caps {platformName='Android', deviceName='null', deviceType='null', platformVersion='null', udid='null', buildNo='null'}
Session Details {desiredCapabilities=null, sessionUrl='null', sessionState=null, isReserved=false}
Retrying session
FindMatchingSessionHost=http://192.168.1.24:6889/findMatchingSession
Matching session Details{"desiredCapabilities":null,"sessionUrl":null,"sessionState":null,"buildNo":"09342763-a866-3a1c-afcf-627eefd8fe4b","reserved":false}
Mandatory Caps {platformName='Android', deviceName='null', deviceType='null', platformVersion='null', udid='null', buildNo='null'}
Session Details {desiredCapabilities=null, sessionUrl='null', sessionState=null, isReserved=false}
Retrying session
FindMatchingSessionHost=http://192.168.1.24:6889/findMatchingSession
Matching session Details{"desiredCapabilities":null,"sessionUrl":null,"sessionState":null,"buildNo":"09342763-a866-3a1c-afcf-627eefd8fe4b","reserved":false}
Mandatory Caps {platformName='Android', deviceName='null', deviceType='null', platformVersion='null', udid='null', buildNo='null'}
Session Details {desiredCapabilities=null, sessionUrl='null', sessionState=null, isReserved=false}
Retrying session
FindMatchingSessionHost=http://192.168.1.24:6889/findMatchingSession
Matching session Details{"desiredCapabilities":null,"sessionUrl":null,"sessionState":null,"buildNo":"09342763-a866-3a1c-afcf-627eefd8fe4b","reserved":false}
Mandatory Caps {platformName='Android', deviceName='null', deviceType='null', platformVersion='null', udid='null', buildNo='null'}
Session Details {desiredCapabilities=null, sessionUrl='null', sessionState=null, isReserved=false}
Retrying session
FindMatchingSessionHost=http://192.168.1.24:6889/findMatchingSession
Matching session Details{"desiredCapabilities":null,"sessionUrl":null,"sessionState":null,"buildNo":"09342763-a866-3a1c-afcf-627eefd8fe4b","reserved":false}
Mandatory Caps {platformName='Android', deviceName='null', deviceType='null', platformVersion='null', udid='null', buildNo='null'}
Session Details {desiredCapabilities=null, sessionUrl='null', sessionState=null, isReserved=false}
Retrying session
FindMatchingSessionHost=http://192.168.1.24:6889/findMatchingSession
Matching session Details{"desiredCapabilities":null,"sessionUrl":null,"sessionState":null,"buildNo":"09342763-a866-3a1c-afcf-627eefd8fe4b","reserved":false}
Mandatory Caps {platformName='Android', deviceName='null', deviceType='null', platformVersion='null', udid='null', buildNo='null'}
Session Details {desiredCapabilities=null, sessionUrl='null', sessionState=null, isReserved=false}
Retrying session
FindMatchingSessionHost=http://192.168.1.24:6889/findMatchingSession
Matching session Details{"desiredCapabilities":null,"sessionUrl":null,"sessionState":null,"buildNo":"09342763-a866-3a1c-afcf-627eefd8fe4b","reserved":false}
Mandatory Caps {platformName='Android', deviceName='null', deviceType='null', platformVersion='null', udid='null', buildNo='null'}
Session Details {desiredCapabilities=null, sessionUrl='null', sessionState=null, isReserved=false}
Retrying session
FindMatchingSessionHost=http://192.168.1.24:6889/findMatchingSession
Matching session Details{"desiredCapabilities":null,"sessionUrl":null,"sessionState":null,"buildNo":"09342763-a866-3a1c-afcf-627eefd8fe4b","reserved":false}
Mandatory Caps {platformName='Android', deviceName='null', deviceType='null', platformVersion='null', udid='null', buildNo='null'}
Session Details {desiredCapabilities=null, sessionUrl='null', sessionState=null, isReserved=false}
Retrying session
FindMatchingSessionHost=http://192.168.1.24:6889/findMatchingSession
Matching session Details{"desiredCapabilities":null,"sessionUrl":null,"sessionState":null,"buildNo":"09342763-a866-3a1c-afcf-627eefd8fe4b","reserved":false}
Mandatory Caps {platformName='Android', deviceName='null', deviceType='null', platformVersion='null', udid='null', buildNo='null'}
Session Details {desiredCapabilities=null, sessionUrl='null', sessionState=null, isReserved=false}
Retrying session
FindMatchingSessionHost=http://192.168.1.24:6889/findMatchingSession
Matching session Details{"desiredCapabilities":null,"sessionUrl":null,"sessionState":null,"buildNo":"09342763-a866-3a1c-afcf-627eefd8fe4b","reserved":false}
Mandatory Caps {platformName='Android', deviceName='null', deviceType='null', platformVersion='null', udid='null', buildNo='null'}
Session Details {desiredCapabilities=null, sessionUrl='null', sessionState=null, isReserved=false}
Retrying session
FindMatchingSessionHost=http://192.168.1.24:6889/findMatchingSession
Matching session Details{"desiredCapabilities":null,"sessionUrl":null,"sessionState":null,"buildNo":"09342763-a866-3a1c-afcf-627eefd8fe4b","reserved":false}
Mandatory Caps {platformName='Android', deviceName='null', deviceType='null', platformVersion='null', udid='null', buildNo='null'}
Session Details {desiredCapabilities=null, sessionUrl='null', sessionState=null, isReserved=false}
Retrying session
FindMatchingSessionHost=http://192.168.1.24:6889/findMatchingSession
Matching session Details{"desiredCapabilities":null,"sessionUrl":null,"sessionState":null,"buildNo":"09342763-a866-3a1c-afcf-627eefd8fe4b","reserved":false}
Mandatory Caps {platformName='Android', deviceName='null', deviceType='null', platformVersion='null', udid='null', buildNo='null'}
Session Details {desiredCapabilities=null, sessionUrl='null', sessionState=null, isReserved=false}
Retrying session
FindMatchingSessionHost=http://192.168.1.24:6889/findMatchingSession
Matching session Details{"desiredCapabilities":null,"sessionUrl":null,"sessionState":null,"buildNo":"09342763-a866-3a1c-afcf-627eefd8fe4b","reserved":false}
Mandatory Caps {platformName='Android', deviceName='null', deviceType='null', platformVersion='null', udid='null', buildNo='null'}
Session Details {desiredCapabilities=null, sessionUrl='null', sessionState=null, isReserved=false}
Retrying session
FindMatchingSessionHost=http://192.168.1.24:6889/findMatchingSession
Matching session Details{"desiredCapabilities":null,"sessionUrl":null,"sessionState":null,"buildNo":"09342763-a866-3a1c-afcf-627eefd8fe4b","reserved":false}
Mandatory Caps {platformName='Android', deviceName='null', deviceType='null', platformVersion='null', udid='null', buildNo='null'}
Session Details {desiredCapabilities=null, sessionUrl='null', sessionState=null, isReserved=false}
Retrying session
FindMatchingSessionHost=http://192.168.1.24:6889/findMatchingSession
Matching session Details{"desiredCapabilities":null,"sessionUrl":null,"sessionState":null,"buildNo":"09342763-a866-3a1c-afcf-627eefd8fe4b","reserved":false}
Mandatory Caps {platformName='Android', deviceName='null', deviceType='null', platformVersion='null', udid='null', buildNo='null'}
[...]
	at io.restassured.filter.time.TimingFilter.filter(TimingFilter.java:56)
	at io.restassured.filter.Filter$filter.call(Unknown Source)
	at org.codehaus.groovy.runtime.callsite.CallSiteArray.defaultCall(CallSiteArray.java:48)
	at io.restassured.filter.Filter$filter$0.call(Unknown Source)
	at io.restassured.internal.filter.FilterContextImpl.next(FilterContextImpl.groovy:72)
	at io.restassured.filter.FilterContext$next.call(Unknown Source)
	at io.restassured.internal.RequestSpecificationImpl.applyPathParamsAndSendRequest(RequestSpecificationImpl.groovy:1731)
	at sun.reflect.GeneratedMethodAccessor96.invoke(Unknown Source)
	at sun.reflect.DelegatingMethodAccessorImpl.invoke(DelegatingMethodAccessorImpl.java:43)
	at java.lang.reflect.Method.invoke(Method.java:498)
	at org.codehaus.groovy.reflection.CachedMethod.invoke(CachedMethod.java:93)
	at groovy.lang.MetaMethod.doMethodInvoke(MetaMethod.java:325)
	at groovy.lang.MetaClassImpl.invokeMethod(MetaClassImpl.java:1213)
	at groovy.lang.MetaClassImpl.invokeMethod(MetaClassImpl.java:1022)
	at groovy.lang.MetaClassImpl.invokeMethod(MetaClassImpl.java:810)
	at io.restassured.internal.RequestSpecificationImpl.invokeMethod(RequestSpecificationImpl.groovy)
	at org.codehaus.groovy.runtime.callsite.PogoInterceptableSite.call(PogoInterceptableSite.java:48)
	at org.codehaus.groovy.runtime.callsite.PogoInterceptableSite.callCurrent(PogoInterceptableSite.java:58)
	at org.codehaus.groovy.runtime.callsite.AbstractCallSite.callCurrent(AbstractCallSite.java:182)
	at io.restassured.internal.RequestSpecificationImpl.applyPathParamsAndSendRequest(RequestSpecificationImpl.groovy:1737)
	at sun.reflect.GeneratedMethodAccessor95.invoke(Unknown Source)
	at sun.reflect.DelegatingMethodAccessorImpl.invoke(DelegatingMethodAccessorImpl.java:43)
	at java.lang.reflect.Method.invoke(Method.java:498)
	at org.codehaus.groovy.reflection.CachedMethod.invoke(CachedMethod.java:93)
	at groovy.lang.MetaMethod.doMethodInvoke(MetaMethod.java:325)
	at groovy.lang.MetaClassImpl.invokeMethod(MetaClassImpl.java:1213)
	at groovy.lang.MetaClassImpl.invokeMethod(MetaClassImpl.java:1022)
	at groovy.lang.MetaClassImpl.invokeMethod(MetaClassImpl.java:810)
	at io.restassured.internal.RequestSpecificationImpl.invokeMethod(RequestSpecificationImpl.groovy)
	at org.codehaus.groovy.runtime.callsite.PogoInterceptableSite.call(PogoInterceptableSite.java:48)
	at org.codehaus.groovy.runtime.callsite.PogoInterceptableSite.callCurrent(PogoInterceptableSite.java:58)
	at org.codehaus.groovy.runtime.callsite.AbstractCallSite.callCurrent(AbstractCallSite.java:182)
	at io.restassured.internal.RequestSpecificationImpl.patch(RequestSpecificationImpl.groovy:190)
	at io.restassured.internal.RequestSpecificationImpl.patch(RequestSpecificationImpl.groovy)
	at com.testvagrant.monitor.clients.ScenariosClient.updateScenario(ScenariosClient.java:58)
	at com.testvagrant.optimuscloud.dashboard.testng.listener.OptimusTestListener.updateScenarioWithStatus(OptimusTestListener.java:103)
	at com.testvagrant.optimuscloud.dashboard.testng.listener.OptimusTestListener.onTestFailure(OptimusTestListener.java:79)
	at org.testng.internal.TestListenerHelper.runTestListeners(TestListenerHelper.java:66)
	at org.testng.internal.TestInvoker.runTestResultListener(TestInvoker.java:210)
	at org.testng.internal.TestInvoker$MethodInvocationAgent.invoke(TestInvoker.java:814)
	at org.testng.internal.TestInvoker.invokeTestMethods(TestInvoker.java:145)
	at org.testng.internal.TestMethodWorker.invokeTestMethods(TestMethodWorker.java:146)
	at org.testng.internal.TestMethodWorker.run(TestMethodWorker.java:128)
	at java.util.concurrent.ThreadPoolExecutor.runWorker(ThreadPoolExecutor.java:1149)
	... 2 more
Exception in thread "TestNG-test=Gradle test-4" java.lang.Error: java.net.ConnectException: Connection refused (Connection refused)
	at java.util.concurrent.ThreadPoolExecutor.runWorker(ThreadPoolExecutor.java:1155)
	at java.util.concurrent.ThreadPoolExecutor$Worker.run(ThreadPoolExecutor.java:624)
	at java.lang.Thread.run(Thread.java:748)
Caused by: java.net.ConnectException: Connection refused (Connection refused)
	at java.net.PlainSocketImpl.socketConnect(Native Method)
	at java.net.AbstractPlainSocketImpl.doConnect(AbstractPlainSocketImpl.java:350)
	at java.net.AbstractPlainSocketImpl.connectToAddress(AbstractPlainSocketImpl.java:206)
	at java.net.AbstractPlainSocketImpl.connect(AbstractPlainSocketImpl.java:188)
	at java.net.SocksSocketImpl.connect(SocksSocketImpl.java:392)
	at java.net.Socket.connect(Socket.java:589)
	at org.apache.http.conn.scheme.PlainSocketFactory.connectSocket(PlainSocketFactory.java:121)
	at org.apache.http.impl.conn.DefaultClientConnectionOperator.openConnection(DefaultClientConnectionOperator.java:180)
	at org.apache.http.impl.conn.ManagedClientConnectionImpl.open(ManagedClientConnectionImpl.java:326)
	at org.apache.http.impl.client.DefaultRequestDirector.tryConnect(DefaultRequestDirector.java:610)
	at org.apache.http.impl.client.DefaultRequestDirector.execute(DefaultRequestDirector.java:445)
	at org.apache.http.impl.client.AbstractHttpClient.doExecute(AbstractHttpClient.java:835)
	at org.apache.http.impl.client.CloseableHttpClient.execute(CloseableHttpClient.java:83)
	at org.apache.http.impl.client.CloseableHttpClient.execute(CloseableHttpClient.java:56)
	at org.apache.http.client.HttpClient$execute$0.call(Unknown Source)
	at io.restassured.internal.RequestSpecificationImpl$RestAssuredHttpBuilder.doRequest(RequestSpecificationImpl.groovy:2128)
	at io.restassured.internal.http.HTTPBuilder.doRequest(HTTPBuilder.java:494)
	at io.restassured.internal.http.HTTPBuilder.request(HTTPBuilder.java:451)
	at io.restassured.internal.http.HTTPBuilder$request$2.call(Unknown Source)
	at io.restassured.internal.RequestSpecificationImpl.sendHttpRequest(RequestSpecificationImpl.groovy:1531)
	at sun.reflect.GeneratedMethodAccessor136.invoke(Unknown Source)
	at sun.reflect.DelegatingMethodAccessorImpl.invoke(DelegatingMethodAccessorImpl.java:43)
	at java.lang.reflect.Method.invoke(Method.java:498)
	at org.codehaus.groovy.reflection.CachedMethod.invoke(CachedMethod.java:93)
	at groovy.lang.MetaMethod.doMethodInvoke(MetaMethod.java:325)
	at groovy.lang.MetaClassImpl.invokeMethod(MetaClassImpl.java:1213)
	at groovy.lang.MetaClassImpl.invokeMethod(MetaClassImpl.java:1022)
	at groovy.lang.MetaClassImpl.invokeMethod(MetaClassImpl.java:810)
	at io.restassured.internal.RequestSpecificationImpl.invokeMethod(RequestSpecificationImpl.groovy)
	at org.codehaus.groovy.runtime.callsite.PogoInterceptableSite.call(PogoInterceptableSite.java:48)
	at org.codehaus.groovy.runtime.callsite.PogoInterceptableSite.callCurrent(PogoInterceptableSite.java:58)
	at io.restassured.internal.RequestSpecificationImpl.sendRequest(RequestSpecificationImpl.groovy:1290)
	at sun.reflect.GeneratedMethodAccessor98.invoke(Unknown Source)
	at sun.reflect.DelegatingMethodAccessorImpl.invoke(DelegatingMethodAccessorImpl.java:43)
	at java.lang.reflect.Method.invoke(Method.java:498)
	at org.codehaus.groovy.reflection.CachedMethod.invoke(CachedMethod.java:93)
	at groovy.lang.MetaMethod.doMethodInvoke(MetaMethod.java:325)
	at groovy.lang.MetaClassImpl.invokeMethod(MetaClassImpl.java:1213)
	at groovy.lang.MetaClassImpl.invokeMethod(MetaClassImpl.java:1022)
	at groovy.lang.MetaClassImpl.invokeMethod(MetaClassImpl.java:810)
	at io.restassured.internal.RequestSpecificationImpl.invokeMethod(RequestSpecificationImpl.groovy)
	at org.codehaus.groovy.runtime.callsite.PogoInterceptableSite.call(PogoInterceptableSite.java:48)
	at org.codehaus.groovy.runtime.callsite.AbstractCallSite.call(AbstractCallSite.java:149)
	at io.restassured.internal.filter.SendRequestFilter.filter(SendRequestFilter.groovy:30)
	at io.restassured.filter.Filter$filter$0.call(Unknown Source)
	at org.codehaus.groovy.runtime.callsite.CallSiteArray.defaultCall(CallSiteArray.java:48)
	at io.restassured.filter.Filter$filter.call(Unknown Source)
	at io.restassured.internal.filter.FilterContextImpl.next(FilterContextImpl.groovy:72)
	at io.restassured.filter.time.TimingFilter.filter(TimingFilter.java:56)
	at io.restassured.filter.Filter$filter.call(Unknown Source)
	at org.codehaus.groovy.runtime.callsite.CallSiteArray.defaultCall(CallSiteArray.java:48)
	at io.restassured.filter.Filter$filter$0.call(Unknown Source)
	at io.restassured.internal.filter.FilterContextImpl.next(FilterContextImpl.groovy:72)
	at io.restassured.filter.FilterContext$next.call(Unknown Source)
	at io.restassured.internal.RequestSpecificationImpl.applyPathParamsAndSendRequest(RequestSpecificationImpl.groovy:1731)
	at sun.reflect.GeneratedMethodAccessor96.invoke(Unknown Source)
	at sun.reflect.DelegatingMethodAccessorImpl.invoke(DelegatingMethodAccessorImpl.java:43)
	at java.lang.reflect.Method.invoke(Method.java:498)
	at org.codehaus.groovy.reflection.CachedMethod.invoke(CachedMethod.java:93)
	at groovy.lang.MetaMethod.doMethodInvoke(MetaMethod.java:325)
	at groovy.lang.MetaClassImpl.invokeMethod(MetaClassImpl.java:1213)
	at groovy.lang.MetaClassImpl.invokeMethod(MetaClassImpl.java:1022)
	at groovy.lang.MetaClassImpl.invokeMethod(MetaClassImpl.java:810)
	at io.restassured.internal.RequestSpecificationImpl.invokeMethod(RequestSpecificationImpl.groovy)
	at org.codehaus.groovy.runtime.callsite.PogoInterceptableSite.call(PogoInterceptableSite.java:48)
	at org.codehaus.groovy.runtime.callsite.PogoInterceptableSite.callCurrent(PogoInterceptableSite.java:58)
	at org.codehaus.groovy.runtime.callsite.AbstractCallSite.callCurrent(AbstractCallSite.java:182)
	at io.restassured.internal.RequestSpecificationImpl.applyPathParamsAndSendRequest(RequestSpecificationImpl.groovy:1737)
	at sun.reflect.GeneratedMethodAccessor95.invoke(Unknown Source)
	at sun.reflect.DelegatingMethodAccessorImpl.invoke(DelegatingMethodAccessorImpl.java:43)
	at java.lang.reflect.Method.invoke(Method.java:498)
	at org.codehaus.groovy.reflection.CachedMethod.invoke(CachedMethod.java:93)
	at groovy.lang.MetaMethod.doMethodInvoke(MetaMethod.java:325)
	at groovy.lang.MetaClassImpl.invokeMethod(MetaClassImpl.java:1213)
	at groovy.lang.MetaClassImpl.invokeMethod(MetaClassImpl.java:1022)
	at groovy.lang.MetaClassImpl.invokeMethod(MetaClassImpl.java:810)
	at io.restassured.internal.RequestSpecificationImpl.invokeMethod(RequestSpecificationImpl.groovy)
	at org.codehaus.groovy.runtime.callsite.PogoInterceptableSite.call(PogoInterceptableSite.java:48)
	at org.codehaus.groovy.runtime.callsite.PogoInterceptableSite.callCurrent(PogoInterceptableSite.java:58)
	at org.codehaus.groovy.runtime.callsite.AbstractCallSite.callCurrent(AbstractCallSite.java:182)
	at io.restassured.internal.RequestSpecificationImpl.patch(RequestSpecificationImpl.groovy:190)
	at io.restassured.internal.RequestSpecificationImpl.patch(RequestSpecificationImpl.groovy)
	at com.testvagrant.monitor.clients.ScenariosClient.updateScenario(ScenariosClient.java:58)
	at com.testvagrant.optimuscloud.dashboard.testng.listener.OptimusTestListener.updateScenarioWithStatus(OptimusTestListener.java:103)
	at com.testvagrant.optimuscloud.dashboard.testng.listener.OptimusTestListener.onTestFailure(OptimusTestListener.java:79)
	at org.testng.internal.TestListenerHelper.runTestListeners(TestListenerHelper.java:66)
	at org.testng.internal.TestInvoker.runTestResultListener(TestInvoker.java:210)
	at org.testng.internal.TestInvoker$MethodInvocationAgent.invoke(TestInvoker.java:814)
	at org.testng.internal.TestInvoker.invokeTestMethods(TestInvoker.java:145)
	at org.testng.internal.TestMethodWorker.invokeTestMethods(TestMethodWorker.java:146)
	at org.testng.internal.TestMethodWorker.run(TestMethodWorker.java:128)
	at java.util.concurrent.ThreadPoolExecutor.runWorker(ThreadPoolExecutor.java:1149)
	... 2 more
Exception in thread "TestNG-test=Gradle test-2" java.lang.Error: java.net.ConnectException: Connection refused (Connection refused)
	at java.util.concurrent.ThreadPoolExecutor.runWorker(ThreadPoolExecutor.java:1155)
	at java.util.concurrent.ThreadPoolExecutor$Worker.run(ThreadPoolExecutor.java:624)
	at java.lang.Thread.run(Thread.java:748)
Caused by: java.net.ConnectException: Connection refused (Connection refused)
	at java.net.PlainSocketImpl.socketConnect(Native Method)
	at java.net.AbstractPlainSocketImpl.doConnect(AbstractPlainSocketImpl.java:350)
	at java.net.AbstractPlainSocketImpl.connectToAddress(AbstractPlainSocketImpl.java:206)
	at java.net.AbstractPlainSocketImpl.connect(AbstractPlainSocketImpl.java:188)
	at java.net.SocksSocketImpl.connect(SocksSocketImpl.java:392)
	at java.net.Socket.connect(Socket.java:589)
	at org.apache.http.conn.scheme.PlainSocketFactory.connectSocket(PlainSocketFactory.java:121)
	at org.apache.http.impl.conn.DefaultClientConnectionOperator.openConnection(DefaultClientConnectionOperator.java:180)
	at org.apache.http.impl.conn.ManagedClientConnectionImpl.open(ManagedClientConnectionImpl.java:326)
	at org.apache.http.impl.client.DefaultRequestDirector.tryConnect(DefaultRequestDirector.java:610)
	at org.apache.http.impl.client.DefaultRequestDirector.execute(DefaultRequestDirector.java:445)
	at org.apache.http.impl.client.AbstractHttpClient.doExecute(AbstractHttpClient.java:835)
	at org.apache.http.impl.client.CloseableHttpClient.execute(CloseableHttpClient.java:83)
	at org.apache.http.impl.client.CloseableHttpClient.execute(CloseableHttpClient.java:56)
	at org.apache.http.client.HttpClient$execute$0.call(Unknown Source)
	at org.codehaus.groovy.runtime.callsite.CallSiteArray.defaultCall(CallSiteArray.java:48)
	at org.apache.http.client.HttpClient$execute$0.call(Unknown Source)
	at io.restassured.internal.RequestSpecificationImpl$RestAssuredHttpBuilder.doRequest(RequestSpecificationImpl.groovy:2128)
	at io.restassured.internal.http.HTTPBuilder.doRequest(HTTPBuilder.java:494)
	at io.restassured.internal.http.HTTPBuilder.request(HTTPBuilder.java:451)
	at io.restassured.internal.http.HTTPBuilder$request$2.call(Unknown Source)
	at io.restassured.internal.RequestSpecificationImpl.sendHttpRequest(RequestSpecificationImpl.groovy:1531)
	at sun.reflect.GeneratedMethodAccessor136.invoke(Unknown Source)
	at sun.reflect.DelegatingMethodAccessorImpl.invoke(DelegatingMethodAccessorImpl.java:43)
	at java.lang.reflect.Method.invoke(Method.java:498)
	at org.codehaus.groovy.reflection.CachedMethod.invoke(CachedMethod.java:93)
	at groovy.lang.MetaMethod.doMethodInvoke(MetaMethod.java:325)
	at groovy.lang.MetaClassImpl.invokeMethod(MetaClassImpl.java:1213)
	at groovy.lang.MetaClassImpl.invokeMethod(MetaClassImpl.java:1022)
	at groovy.lang.MetaClassImpl.invokeMethod(MetaClassImpl.java:810)
	at io.restassured.internal.RequestSpecificationImpl.invokeMethod(RequestSpecificationImpl.groovy)
	at org.codehaus.groovy.runtime.callsite.PogoInterceptableSite.call(PogoInterceptableSite.java:48)
	at org.codehaus.groovy.runtime.callsite.PogoInterceptableSite.callCurrent(PogoInterceptableSite.java:58)
	at io.restassured.internal.RequestSpecificationImpl.sendRequest(RequestSpecificationImpl.groovy:1290)
	at sun.reflect.GeneratedMethodAccessor98.invoke(Unknown Source)
	at sun.reflect.DelegatingMethodAccessorImpl.invoke(DelegatingMethodAccessorImpl.java:43)
	at java.lang.reflect.Method.invoke(Method.java:498)
	at org.codehaus.groovy.reflection.CachedMethod.invoke(CachedMethod.java:93)
	at groovy.lang.MetaMethod.doMethodInvoke(MetaMethod.java:325)
	at groovy.lang.MetaClassImpl.invokeMethod(MetaClassImpl.java:1213)
	at groovy.lang.MetaClassImpl.invokeMethod(MetaClassImpl.java:1022)
	at groovy.lang.MetaClassImpl.invokeMethod(MetaClassImpl.java:810)
	at io.restassured.internal.RequestSpecificationImpl.invokeMethod(RequestSpecificationImpl.groovy)
	at org.codehaus.groovy.runtime.callsite.PogoInterceptableSite.call(PogoInterceptableSite.java:48)
	at org.codehaus.groovy.runtime.callsite.AbstractCallSite.call(AbstractCallSite.java:149)
	at io.restassured.internal.filter.SendRequestFilter.filter(SendRequestFilter.groovy:30)
	at io.restassured.filter.Filter$filter$0.call(Unknown Source)
	at org.codehaus.groovy.runtime.callsite.CallSiteArray.defaultCall(CallSiteArray.java:48)
	at io.restassured.filter.Filter$filter.call(Unknown Source)
	at io.restassured.internal.filter.FilterContextImpl.next(FilterContextImpl.groovy:72)
	at io.restassured.filter.time.TimingFilter.filter(TimingFilter.java:56)
	at io.restassured.filter.Filter$filter.call(Unknown Source)
	at org.codehaus.groovy.runtime.callsite.CallSiteArray.defaultCall(CallSiteArray.java:48)
	at io.restassured.filter.Filter$filter$0.call(Unknown Source)
	at io.restassured.internal.filter.FilterContextImpl.next(FilterContextImpl.groovy:72)
	at io.restassured.filter.FilterContext$next.call(Unknown Source)
	at io.restassured.internal.RequestSpecificationImpl.applyPathParamsAndSendRequest(RequestSpecificationImpl.groovy:1731)
	at sun.reflect.GeneratedMethodAccessor96.invoke(Unknown Source)
	at sun.reflect.DelegatingMethodAccessorImpl.invoke(DelegatingMethodAccessorImpl.java:43)
	at java.lang.reflect.Method.invoke(Method.java:498)
	at org.codehaus.groovy.reflection.CachedMethod.invoke(CachedMethod.java:93)
	at groovy.lang.MetaMethod.doMethodInvoke(MetaMethod.java:325)
	at groovy.lang.MetaClassImpl.invokeMethod(MetaClassImpl.java:1213)
	at groovy.lang.MetaClassImpl.invokeMethod(MetaClassImpl.java:1022)
	at groovy.lang.MetaClassImpl.invokeMethod(MetaClassImpl.java:810)
	at io.restassured.internal.RequestSpecificationImpl.invokeMethod(RequestSpecificationImpl.groovy)
	at org.codehaus.groovy.runtime.callsite.PogoInterceptableSite.call(PogoInterceptableSite.java:48)
	at org.codehaus.groovy.runtime.callsite.PogoInterceptableSite.callCurrent(PogoInterceptableSite.java:58)
	at org.codehaus.groovy.runtime.callsite.AbstractCallSite.callCurrent(AbstractCallSite.java:182)
	at io.restassured.internal.RequestSpecificationImpl.applyPathParamsAndSendRequest(RequestSpecificationImpl.groovy:1737)
	at sun.reflect.GeneratedMethodAccessor95.invoke(Unknown Source)
	at sun.reflect.DelegatingMethodAccessorImpl.invoke(DelegatingMethodAccessorImpl.java:43)
	at java.lang.reflect.Method.invoke(Method.java:498)
	at org.codehaus.groovy.reflection.CachedMethod.invoke(CachedMethod.java:93)
	at groovy.lang.MetaMethod.doMethodInvoke(MetaMethod.java:325)
	at groovy.lang.MetaClassImpl.invokeMethod(MetaClassImpl.java:1213)
	at groovy.lang.MetaClassImpl.invokeMethod(MetaClassImpl.java:1022)
	at groovy.lang.MetaClassImpl.invokeMethod(MetaClassImpl.java:810)
	at io.restassured.internal.RequestSpecificationImpl.invokeMethod(RequestSpecificationImpl.groovy)
	at org.codehaus.groovy.runtime.callsite.PogoInterceptableSite.call(PogoInterceptableSite.java:48)
	at org.codehaus.groovy.runtime.callsite.PogoInterceptableSite.callCurrent(PogoInterceptableSite.java:58)
	at org.codehaus.groovy.runtime.callsite.AbstractCallSite.callCurrent(AbstractCallSite.java:182)
	at io.restassured.internal.RequestSpecificationImpl.patch(RequestSpecificationImpl.groovy:190)
	at io.restassured.internal.RequestSpecificationImpl.patch(RequestSpecificationImpl.groovy)
	at com.testvagrant.monitor.clients.ScenariosClient.updateScenario(ScenariosClient.java:58)
	at com.testvagrant.optimuscloud.dashboard.testng.listener.OptimusTestListener.updateScenarioWithStatus(OptimusTestListener.java:103)
	at com.testvagrant.optimuscloud.dashboard.testng.listener.OptimusTestListener.onTestFailure(OptimusTestListener.java:79)
	at org.testng.internal.TestListenerHelper.runTestListeners(TestListenerHelper.java:66)
	at org.testng.internal.TestInvoker.runTestResultListener(TestInvoker.java:210)
	at org.testng.internal.TestInvoker$MethodInvocationAgent.invoke(TestInvoker.java:814)
	at org.testng.internal.TestInvoker.invokeTestMethods(TestInvoker.java:145)
	at org.testng.internal.TestMethodWorker.invokeTestMethods(TestMethodWorker.java:146)
	at org.testng.internal.TestMethodWorker.run(TestMethodWorker.java:128)
	at java.util.concurrent.ThreadPoolExecutor.runWorker(ThreadPoolExecutor.java:1149)
	... 2 more
]]></system-err>
</testsuite>
